[ezdetanglerbrush.com/index.html]
[cdn.clkmc.com/cmc.js]
[cdn.shopify.com/s/files/1/0263/2764/6287/files/Copy_of_Copy_of_Copy_of_EZ_6_32x32f632.png]
[backblue.gif]
[fade.gif]
[index.html]
[cdn.shopify.com/s/files/1/0263/2764/6287/t/15/assets/theme.scssd887.css]
[cdn.shopify.com/shopifycloud/storefront-recaptcha-v3/v0.6/index.js]
[cdn.shopify.com/s/files/1/0263/2764/6287/t/15/assets/theme3493.js]
[ufe.helixo.co/scripts/sdk.es5.min.js]
[ufe.helixo.co/scripts/sdk.min226a.js]
[ezdetanglerbrush.com/POST.b.delayed]
[cdn.shopify.com/s/trekkie.storefront.14a2a604dac04b548cd8c6bdfd85448fc1df7da9.min.js]
[cdn.shopify.com/shopifycloud/shopify/assets/shop_events_listener-fa61fd11817b231631d2fe43dc869d0b1d14a06332792d42f1a1d94bda5aa31e.js]
[cdn.shopify.com/shopifycloud/boomerang/shopify-boomerang-1.0.0.min.js]
[cdn.shopify.com/s/files/1/0263/2764/6287/files/Copy_of_EZ_5_150x1bdd.png]
[cdn.shopify.com/s/files/1/0263/2764/6287/files/Copy_of_EZ_4_150x880b.png]
[ezdetanglerbrush.com/account/login4236.html]
[ezdetanglerbrush.com/cart.html]
[ezdetanglerbrush.com/pages/ez-detangler-pro.html]
[ezdetanglerbrush.com/products/original.html]
[ezdetanglerbrush.com/products/hope.html]
[ezdetanglerbrush.com/pages/professional-blow-dryer.html]
[ezdetanglerbrush.com/collections/ezdoesit-offers.html]
[ezdetanglerbrush.com/pages/track-your-order.html]
[ezdetanglerbrush.com/search.html]
[cdn.shopify.com/s/files/1/0263/2764/6287/files/Untitled_design_82_1440xc689.png]
[ezdetanglerbrush.com/collections/ez-collection/products/ez-detangler-pro.html]
[cdn.shopify.com/s/files/1/0263/2764/6287/products/1_6f3ca700-00d3-4f7d-9a34-37a1345593c2_1x13ff9.png]
[cdn.shopify.com/s/files/1/0263/2764/6287/products/1_6f3ca700-00d3-4f7d-9a34-37a1345593c2_{width}x3ff9.png]
[cdn.shopify.com/s/files/1/0263/2764/6287/products/1_6f3ca700-00d3-4f7d-9a34-37a1345593c2_360x3ff9.png]
[ezdetanglerbrush.com/collections/ez-collection/products/ezdryer.html]
[cdn.shopify.com/s/files/1/0263/2764/6287/products/9_1x12dd3.png]
[cdn.shopify.com/s/files/1/0263/2764/6287/products/9_{width}x2dd3.png]
[cdn.shopify.com/s/files/1/0263/2764/6287/products/9_360x2dd3.png]
[ezdetanglerbrush.com/collections/ez-collection/products/original.html]
[cdn.shopify.com/s/files/1/0263/2764/6287/products/3_8ed8d99f-67a7-4a9f-b2d4-f25b223f25ac_1x1b508.png]
[cdn.shopify.com/s/files/1/0263/2764/6287/products/3_8ed8d99f-67a7-4a9f-b2d4-f25b223f25ac_{width}xb508.png]
[cdn.shopify.com/s/files/1/0263/2764/6287/products/3_8ed8d99f-67a7-4a9f-b2d4-f25b223f25ac_360xb508.png]
[ezdetanglerbrush.com/collections/ez-collection/products/ez-mist-spray-bottle.html]
[cdn.shopify.com/s/files/1/0263/2764/6287/products/16_1x16857.png]
[cdn.shopify.com/s/files/1/0263/2764/6287/products/16_{width}x6857.png]
[cdn.shopify.com/s/files/1/0263/2764/6287/products/16_360x6857.png]
[ezdetanglerbrush.com/collections/ez-collection/products/acupuncture-scalp-massage-brush.html]
[cdn.shopify.com/s/files/1/0263/2764/6287/products/14_1x1e4a0.png]
[cdn.shopify.com/s/files/1/0263/2764/6287/products/14_{width}xe4a0.png]
[cdn.shopify.com/s/files/1/0263/2764/6287/products/14_360xe4a0.png]
[ezdetanglerbrush.com/collections/ez-collection.html]
[cdn.shopify.com/s/files/1/0263/2764/6287/files/people-2591670_1280_720x454f.jpg]
[ezdetanglerbrush.com/collections/curlyqueen.html]
[cdn.shopify.com/s/files/1/0263/2764/6287/files/pexels-photo-1809434_720xc1aa.jpg]
[cdn.shopify.com/s/files/1/0263/2764/6287/files/Screen_Shot_2020-04-12_at_10.30.24_AM_1440x5524.png]
[cdn.shopify.com/s/files/1/0263/2764/6287/files/E1uo9kJju_mid_540x540_crop_center3a49.jpg]
[cdn.shopify.com/s/files/1/0263/2764/6287/files/82525249_1007596249598405_6908479389814489088_o_540x540_crop_center23f9.jpg]
[cdn.shopify.com/s/files/1/0263/2764/6287/files/NkeNgnwVxd_mid_540x540_crop_center4a0f.jpg]
[cdn.shopify.com/s/files/1/0263/2764/6287/files/75380120_10162571871345165_1120145522544345088_n_540x540_crop_centerb9d2.jpg]
[cdn.shopify.com/s/files/1/0263/2764/6287/files/V1-ppVPOd_mid_540x540_crop_center1e47.jpg]
[ezdetanglerbrush.com/blogs/ez-blogs/how-to-fix-the-damaged-curly-hair.html]
[cdn.shopify.com/s/files/1/0263/2764/6287/articles/IMG_3492_1x1a669.jpg]
[cdn.shopify.com/s/files/1/0263/2764/6287/articles/IMG_3492_{width}xa669.jpg]
[cdn.shopify.com/s/files/1/0263/2764/6287/articles/IMG_3492_540xa669.jpg]
[ezdetanglerbrush.com/blogs/ez-blogs/why-should-you-own-an-ez-detangler-brush.html]
[cdn.shopify.com/s/files/1/0263/2764/6287/articles/IMG_3496_1a4bc003-e43c-48b6-b01a-4b04de01b73e_1x18985.jpg]
[cdn.shopify.com/s/files/1/0263/2764/6287/articles/IMG_3496_1a4bc003-e43c-48b6-b01a-4b04de01b73e_{width}x8985.jpg]
[cdn.shopify.com/s/files/1/0263/2764/6287/articles/IMG_3496_1a4bc003-e43c-48b6-b01a-4b04de01b73e_540x8985.jpg]
[ezdetanglerbrush.com/blogs/ez-blogs/detangling-simplified.html]
[cdn.shopify.com/s/files/1/0263/2764/6287/articles/IMG_3443_1x100b0.jpg]
[cdn.shopify.com/s/files/1/0263/2764/6287/articles/IMG_3443_{width}x00b0.jpg]
[cdn.shopify.com/s/files/1/0263/2764/6287/articles/IMG_3443_540x00b0.jpg]
[cdn.shopify.com/s/files/1/0263/2764/6287/files/Copy_of_EZ_5_195x1bdd.png]
[ezdetanglerbrush.com/pages/shipping-handling.html]
[ezdetanglerbrush.com/pages/return-policy.html]
[ezdetanglerbrush.com/pages/privacy-policy.html]
[ezdetanglerbrush.com/pages/terms-of-service.html]
[ezdetanglerbrush.com/pages/ez-detangler-covid-19.html]
[ezdetanglerbrush.com/pages/wholesale.html]
[cdn.shopify.com/s/files/1/0263/2764/6287/t/15/assets/custom.min631d.js]
[ezdetanglerbrush.com/e.path[0]]
[ezdetanglerbrush.com/index.html]
[www.googletagmanager.com/gtm5445.html]
[cdn.shopify.com/s/files/1/0263/2764/6287/t/15/assets/theme.scssd887.css]
[ezdetanglerbrush.com/POST.html]
[ezdetanglerbrush.com/account/login.html]
[cdn.shopify.com/shopifycloud/shopify/assets/themes_support/shopify_common-8ea6ac3faf357236a97f5de749df4da6e8436ca107bc3a4ee805cbf08bc47392.js]
[ezdetanglerbrush.com/account/POST]
[ezdetanglerbrush.com/account/register.html]
[ezdetanglerbrush.com/account/e.path[0]]
[ezdetanglerbrush.com/account/login4236.html]
[ezdetanglerbrush.com/cart.html]
[ezdetanglerbrush.com/collections/all.html]
[ezdetanglerbrush.com/pages/POST]
[cdn.shopify.com/s/files/1/0263/2764/6287/t/15/assets/ezDetanglerPro5059.css]
[cdn.jsdelivr.net/npm/slick-carousel@1.8.1/slick/slick.css]
[cdn.shopify.com/s/files/1/0263/2764/6287/products/1_6f3ca700-00d3-4f7d-9a34-37a1345593c2_200x200_crop_center3ff9.png]
[cdn.shopify.com/s/files/1/0263/2764/6287/products/1_6f3ca700-00d3-4f7d-9a34-37a1345593c23ff9.png]
[cdn.shopify.com/s/files/1/0263/2764/6287/products/1_6f3ca700-00d3-4f7d-9a34-37a1345593c2_300x3003ff9.png]
[cdn.shopify.com/s/files/1/0263/2764/6287/products/2_4203490f-a88b-40d0-95b1-788c09932b6a_200x200_crop_centerbd24.png]
[cdn.shopify.com/s/files/1/0263/2764/6287/products/2_4203490f-a88b-40d0-95b1-788c09932b6a_1x1bd24.png]
[cdn.shopify.com/s/files/1/0263/2764/6287/products/2_4203490f-a88b-40d0-95b1-788c09932b6abd24.png]
[cdn.shopify.com/s/files/1/0263/2764/6287/products/2_4203490f-a88b-40d0-95b1-788c09932b6a_300x300bd24.png]
[cdn.shopify.com/s/files/1/0263/2764/6287/products/2_4203490f-a88b-40d0-95b1-788c09932b6a_{width}x.8fbd24.delayed]
[cdn.shopify.com/s/files/1/0263/2764/6287/products/3_45b25b8d-785a-4110-a216-ac1a370cd8ac_200x200_crop_center1087.png]
[cdn.shopify.com/s/files/1/0263/2764/6287/products/3_45b25b8d-785a-4110-a216-ac1a370cd8ac_1x11087.png]
[cdn.shopify.com/s/files/1/0263/2764/6287/products/3_45b25b8d-785a-4110-a216-ac1a370cd8ac1087.png]
[cdn.shopify.com/s/files/1/0263/2764/6287/products/3_45b25b8d-785a-4110-a216-ac1a370cd8ac_300x3001087.png]
[cdn.shopify.com/s/files/1/0263/2764/6287/products/3_45b25b8d-785a-4110-a216-ac1a370cd8ac_{width}x1087.png]
[cdn.shopify.com/s/files/1/0263/2764/6287/products/4_e36cfc3b-95f4-46e9-8fa9-1b635efa4024_200x200_crop_center1087.png]
[cdn.shopify.com/s/files/1/0263/2764/6287/products/4_e36cfc3b-95f4-46e9-8fa9-1b635efa4024_1x11087.png]
[cdn.shopify.com/s/files/1/0263/2764/6287/products/4_e36cfc3b-95f4-46e9-8fa9-1b635efa40241087.png]
[cdn.shopify.com/s/files/1/0263/2764/6287/products/4_e36cfc3b-95f4-46e9-8fa9-1b635efa4024_300x3001087.png]
[cdn.shopify.com/s/files/1/0263/2764/6287/products/4_e36cfc3b-95f4-46e9-8fa9-1b635efa4024_{width}x1087.png]
[cdn.shopify.com/s/files/1/0263/2764/6287/products/5_f400f0bb-07ff-4852-8850-ffa3687961ca_200x200_crop_center6ace.png]
[cdn.shopify.com/s/files/1/0263/2764/6287/products/5_f400f0bb-07ff-4852-8850-ffa3687961ca_1x16ace.png]
[cdn.shopify.com/s/files/1/0263/2764/6287/products/5_f400f0bb-07ff-4852-8850-ffa3687961ca6ace.png]
[cdn.shopify.com/s/files/1/0263/2764/6287/products/5_f400f0bb-07ff-4852-8850-ffa3687961ca_300x3006ace.png]
[cdn.shopify.com/s/files/1/0263/2764/6287/products/5_f400f0bb-07ff-4852-8850-ffa3687961ca_{width}x6ace.png]
[cdn.shopify.com/s/files/1/0263/2764/6287/products/6_c4266c29-ad49-4b61-bead-79c4682288a4_200x200_crop_center1087.png]
[cdn.shopify.com/s/files/1/0263/2764/6287/products/6_c4266c29-ad49-4b61-bead-79c4682288a4_1x11087.png]
[cdn.shopify.com/s/files/1/0263/2764/6287/products/6_c4266c29-ad49-4b61-bead-79c4682288a41087.png]
[cdn.shopify.com/s/files/1/0263/2764/6287/products/6_c4266c29-ad49-4b61-bead-79c4682288a4_300x3001087.png]
[cdn.shopify.com/s/files/1/0263/2764/6287/products/6_c4266c29-ad49-4b61-bead-79c4682288a4_{width}x1087.png]
[cdn.shopify.com/s/files/1/0263/2764/6287/products/7_0a5a1e67-d2bc-4cac-9543-6e92282ff3f1_200x200_crop_centerbd24.png]
[cdn.shopify.com/s/files/1/0263/2764/6287/products/7_0a5a1e67-d2bc-4cac-9543-6e92282ff3f1_1x1bd24.png]
[cdn.shopify.com/s/files/1/0263/2764/6287/products/7_0a5a1e67-d2bc-4cac-9543-6e92282ff3f1bd24.png]
[cdn.shopify.com/s/files/1/0263/2764/6287/products/7_0a5a1e67-d2bc-4cac-9543-6e92282ff3f1_300x300bd24.png]
[cdn.shopify.com/s/files/1/0263/2764/6287/products/7_0a5a1e67-d2bc-4cac-9543-6e92282ff3f1_{width}xbd24.png]
[cdn.shopify.com/s/files/1/0263/2764/6287/products/1_6f3ca700-00d3-4f7d-9a34-37a1345593c2_900x3ff9.png]
[cdn.shopify.com/s/files/1/0263/2764/6287/products/2_4203490f-a88b-40d0-95b1-788c09932b6a_900xbd24.png]
[cdn.shopify.com/s/files/1/0263/2764/6287/products/3_45b25b8d-785a-4110-a216-ac1a370cd8ac_900x1087.png]
[cdn.shopify.com/s/files/1/0263/2764/6287/products/4_e36cfc3b-95f4-46e9-8fa9-1b635efa4024_900x1087.png]
[cdn.shopify.com/s/files/1/0263/2764/6287/products/5_f400f0bb-07ff-4852-8850-ffa3687961ca_900x6ace.png]
[cdn.shopify.com/s/files/1/0263/2764/6287/products/6_c4266c29-ad49-4b61-bead-79c4682288a4_900x1087.png]
[cdn.shopify.com/s/files/1/0263/2764/6287/products/7_0a5a1e67-d2bc-4cac-9543-6e92282ff3f1_900xbd24.png]
[cdn.shopify.com/s/files/1/0263/2764/6287/files/rsz_cart6ba6.png]
[cdn.shopify.com/s/files/1/0263/2764/6287/files/q5db5.png]
[cdn.shopify.com/s/files/1/0263/2764/6287/files/company1_49c3f0d0-24f7-47e6-b935-8ac72d913b6b101f.png]
[cdn.shopify.com/s/files/1/0263/2764/6287/files/company2_6a01b683-2570-4a73-a191-b4f66e268ee85db5.png]
[cdn.shopify.com/s/files/1/0263/2764/6287/files/company3_4e494e3a-5880-4369-b46d-b851987013375db5.png]
[cdn.shopify.com/s/files/1/0263/2764/6287/files/company4_1fc62d93-05b1-4f4f-986d-e735e8a3ad295db5.png]
[cdn.shopify.com/s/files/1/0263/2764/6287/files/rsz_company55db5.png]
[cdn.shopify.com/s/files/1/0263/2764/6287/files/rsz_company65db5.png]
[cdn.shopify.com/s/files/1/0263/2764/6287/files/rsz_company75db5.png]
[cdn.shopify.com/s/files/1/0263/2764/6287/files/rsz_btn-arrow5db5.png]
[cdn.shopify.com/s/files/1/0263/2764/6287/files/rsz_for-you5db5.png]
[cdn.shopify.com/s/files/1/0263/2764/6287/files/heading-border5db5.png]
[cdn.shopify.com/s/files/1/0263/2764/6287/files/heading-border-m5db5.png]
[cdn.shopify.com/s/files/1/0263/2764/6287/files/icon5_36022026-103d-4971-a396-8689e4ae6e375db5.png]
[cdn.shopify.com/s/files/1/0263/2764/6287/files/icon6_d71a73a3-d451-4620-af90-411d1680e5615db5.png]
[cdn.shopify.com/s/files/1/0263/2764/6287/files/icon75db5.png]
[cdn.shopify.com/s/files/1/0263/2764/6287/files/icon85db5.png]
[cdn.shopify.com/s/files/1/0263/2764/6287/files/icon95db5.png]
[cdn.shopify.com/s/files/1/0263/2764/6287/files/logo-w-dots_46eef8e8-beb9-49ef-a40b-c3fbb6e154525db5.png]
[cdn.shopify.com/s/files/1/0263/2764/6287/files/logo-w-dots-m_36aabb93-4c70-4fc9-98e6-00262dd38ccc5db5.png]
[cdn.shopify.com/s/files/1/0263/2764/6287/files/rsz_feedback5db5.png]
[cdn.shopify.com/s/files/1/0263/2764/6287/files/img-center5db5.png]
[cdn.shopify.com/s/files/1/0263/2764/6287/files/fast-delivery_b1b0d3b5-1fc0-4434-a139-60e8956e80045db5.png]
[cdn.shopify.com/s/files/1/0263/2764/6287/files/free-shipping_f0cd8c15-72ae-485b-9766-bc4e7fbc4e8b5db5.png]
[cdn.shopify.com/s/files/1/0263/2764/6287/files/easy-returns_437e51ce-ad28-48f3-b27a-5c2191c920855db5.png]
[cdn.shopify.com/s/files/1/0263/2764/6287/files/rsz_recommends5db5.png]
[cdn.shopify.com/s/files/1/0263/2764/6287/files/rsz_r-q5db5.png]
[cdn.shopify.com/s/files/1/0263/2764/6287/files/b-icon15db5.png]
[cdn.shopify.com/s/files/1/0263/2764/6287/files/b-icon25db5.png]
[cdn.shopify.com/s/files/1/0263/2764/6287/files/rsz_benefits5db5.png]
[cdn.shopify.com/s/files/1/0263/2764/6287/files/b-icon35db5.png]
[cdn.shopify.com/s/files/1/0263/2764/6287/files/b-icon45db5.png]
[cdn.shopify.com/s/files/1/0263/2764/6287/files/btn-arrow5db5.png]
[cdn.shopify.com/s/files/1/0263/2764/6287/files/package-contain5db5.png]
[cdn.shopify.com/s/files/1/0263/2764/6287/files/package-contain_318c7dbb-f8bb-43f1-bfc7-f544d12eed0734e1.png]
[cdn.shopify.com/s/files/1/0263/2764/6287/files/rsz_guarantee_84b588d2-3b0c-4f8c-92ca-f88044a9d7f35db5.png]
[cdn.shopify.com/s/files/1/0303/3412/4131/files/rsz_green-tick21d3.png]
[cdn.shopify.com/s/files/1/0263/2764/6287/files/rsz_h-stars2d1d2.png]
[code.jquery.com/jquery-1.11.0.min.js]
[code.jquery.com/jquery-migrate-1.2.1.min.js]
[cdn.jsdelivr.net/npm/slick-carousel@1.8.1/slick/slick.min.js]
[maxcdn.bootstrapcdn.com/bootstrap/4.5.2/js/bootstrap.min.js]
[ezdetanglerbrush.com/pages/e.fa.delayed]
[ezdetanglerbrush.com/pages/ez-detangler-pro.html]
[ezdetanglerbrush.com/products/original.oembed]
[cdn.shopify.com/s/files/1/0263/2764/6287/products/1_57b213c7-bc16-4823-b40f-73561f8c1af7b508.png]
[cdn.shopify.com/s/files/1/0263/2764/6287/products/2_c9b4328e-dfa5-40a5-9192-9e9c69aceac3b508.png]
[cdn.shopify.com/s/files/1/0263/2764/6287/products/1_ca154455-7e67-43f4-b3e3-6f375b8547c83b19.jpg]
[cdn.shopify.com/s/files/1/0263/2764/6287/products/2_16c38ccb-2f5e-4077-b2cd-7245ef1910003b19.jpg]
[cdn.shopify.com/s/files/1/0263/2764/6287/products/7_25cea904-9f8c-4d85-90c2-33a2ccd924ed3b19.png]
[ezdetanglerbrush.com/products/POST.101.delayed]
[cdn.shopify.com/s/files/1/0263/2764/6287/products/3_8ed8d99f-67a7-4a9f-b2d4-f25b223f25acb508.png]
[cdn.shopify.com/s/files/1/0263/2764/6287/products/3_8ed8d99f-67a7-4a9f-b2d4-f25b223f25ac_300x300b508.png]
[cdn.shopify.com/s/files/1/0263/2764/6287/products/1_57b213c7-bc16-4823-b40f-73561f8c1af7_200x200_crop_centerb508.png]
[cdn.shopify.com/s/files/1/0263/2764/6287/products/1_57b213c7-bc16-4823-b40f-73561f8c1af7_1x1b508.png]
[cdn.shopify.com/s/files/1/0263/2764/6287/products/1_57b213c7-bc16-4823-b40f-73561f8c1af7_300x300b508.png]
[cdn.shopify.com/s/files/1/0263/2764/6287/products/1_57b213c7-bc16-4823-b40f-73561f8c1af7_{width}xb508.png]
[cdn.shopify.com/s/files/1/0263/2764/6287/products/2_c9b4328e-dfa5-40a5-9192-9e9c69aceac3_200x200_crop_centerb508.png]
[cdn.shopify.com/s/files/1/0263/2764/6287/products/2_c9b4328e-dfa5-40a5-9192-9e9c69aceac3_1x1b508.png]
[cdn.shopify.com/s/files/1/0263/2764/6287/products/2_c9b4328e-dfa5-40a5-9192-9e9c69aceac3_300x300b508.png]
[cdn.shopify.com/s/files/1/0263/2764/6287/products/2_c9b4328e-dfa5-40a5-9192-9e9c69aceac3_{width}xb508.png]
[cdn.shopify.com/s/files/1/0263/2764/6287/products/1_ca154455-7e67-43f4-b3e3-6f375b8547c8_200x200_crop_center3b19.jpg]
[cdn.shopify.com/s/files/1/0263/2764/6287/products/1_ca154455-7e67-43f4-b3e3-6f375b8547c8_1x13b19.jpg]
[cdn.shopify.com/s/files/1/0263/2764/6287/products/1_ca154455-7e67-43f4-b3e3-6f375b8547c8_300x3003b19.jpg]
[cdn.shopify.com/s/files/1/0263/2764/6287/products/1_ca154455-7e67-43f4-b3e3-6f375b8547c8_{width}x3b19.jpg]
[cdn.shopify.com/s/files/1/0263/2764/6287/products/2_16c38ccb-2f5e-4077-b2cd-7245ef191000_200x200_crop_center3b19.jpg]
[cdn.shopify.com/s/files/1/0263/2764/6287/products/2_16c38ccb-2f5e-4077-b2cd-7245ef191000_1x13b19.jpg]
[cdn.shopify.com/s/files/1/0263/2764/6287/products/2_16c38ccb-2f5e-4077-b2cd-7245ef191000_300x3003b19.jpg]
[cdn.shopify.com/s/files/1/0263/2764/6287/products/2_16c38ccb-2f5e-4077-b2cd-7245ef191000_{width}x3b19.jpg]
[cdn.shopify.com/s/files/1/0263/2764/6287/products/7_25cea904-9f8c-4d85-90c2-33a2ccd924ed_200x200_crop_center3b19.png]
[cdn.shopify.com/s/files/1/0263/2764/6287/products/7_25cea904-9f8c-4d85-90c2-33a2ccd924ed_1x13b19.png]
[cdn.shopify.com/s/files/1/0263/2764/6287/products/7_25cea904-9f8c-4d85-90c2-33a2ccd924ed_300x3003b19.png]
[cdn.shopify.com/s/files/1/0263/2764/6287/products/7_25cea904-9f8c-4d85-90c2-33a2ccd924ed_{width}x3b19.png]
[cdn.shopify.com/s/files/1/0263/2764/6287/products/30_b353c442-2168-4f81-a0ce-966003b14f9e_200x200_crop_centerb508.png]
[cdn.shopify.com/s/files/1/0263/2764/6287/products/30_b353c442-2168-4f81-a0ce-966003b14f9e_1x1b508.png]
[cdn.shopify.com/s/files/1/0263/2764/6287/products/30_b353c442-2168-4f81-a0ce-966003b14f9eb508.png]
[cdn.shopify.com/s/files/1/0263/2764/6287/products/30_b353c442-2168-4f81-a0ce-966003b14f9e_300x300b508.png]
[cdn.shopify.com/s/files/1/0263/2764/6287/products/30_b353c442-2168-4f81-a0ce-966003b14f9e_{width}xb508.png]
[cdn.shopify.com/s/files/1/0263/2764/6287/products/3_8ed8d99f-67a7-4a9f-b2d4-f25b223f25ac_900xb508.png]
[cdn.shopify.com/s/files/1/0263/2764/6287/products/1_57b213c7-bc16-4823-b40f-73561f8c1af7_900xb508.png]
[cdn.shopify.com/s/files/1/0263/2764/6287/products/2_c9b4328e-dfa5-40a5-9192-9e9c69aceac3_900xb508.png]
[cdn.shopify.com/s/files/1/0263/2764/6287/products/1_ca154455-7e67-43f4-b3e3-6f375b8547c8_900x3b19.jpg]
[cdn.shopify.com/s/files/1/0263/2764/6287/products/2_16c38ccb-2f5e-4077-b2cd-7245ef191000_900x3b19.jpg]
[cdn.shopify.com/s/files/1/0263/2764/6287/products/7_25cea904-9f8c-4d85-90c2-33a2ccd924ed_900x3b19.png]
[cdn.shopify.com/s/files/1/0263/2764/6287/products/30_b353c442-2168-4f81-a0ce-966003b14f9e_900xb508.png]
[cdn.shopify.com/s/files/1/0263/2764/6287/products/3_8ed8d99f-67a7-4a9f-b2d4-f25b223f25ac_200x200_crop_centerb508.png]
[cdn.shopify.com/s/files/1/0263/2764/6287/files/EZ_RECOM3_1024x1024b3cb.png]
[cdn.shopify.com/s/files/1/0263/2764/6287/files/Screen_Shot_2020-04-04_at_2.45.14_AM_480x480e1e7.jpg]
[cdn.shopify.com/s/files/1/0263/2764/6287/files/Screen_Shot_2020-09-24_at_3.50.12_AM_1024x1024cfdc.jpg]
[cdn.shopify.com/s/files/1/0263/2764/6287/files/Copy_of_Untitled29a7.png]
[cdn.shopify.com/s/files/1/0263/2764/6287/files/Copy_of_EZ_51bdd.png]
[ezdetanglerbrush.com/products/e.14d.delayed]
[ezdetanglerbrush.com/products/original.html]
[ezdetanglerbrush.com/products/hope.oembed]
[cdn.shopify.com/s/files/1/0263/2764/6287/products/34e62c.png]
[cdn.shopify.com/s/files/1/0263/2764/6287/products/35e62c.png]
[cdn.shopify.com/s/files/1/0263/2764/6287/products/33_1x1e62c.png]
[cdn.shopify.com/s/files/1/0263/2764/6287/products/33e62c.png]
[cdn.shopify.com/s/files/1/0263/2764/6287/products/33_300x300e62c.png]
[cdn.shopify.com/s/files/1/0263/2764/6287/products/33_{width}xe62c.png]
[cdn.shopify.com/s/files/1/0263/2764/6287/products/34_200x200_crop_centere62c.png]
[cdn.shopify.com/s/files/1/0263/2764/6287/products/34_1x1e62c.png]
[cdn.shopify.com/s/files/1/0263/2764/6287/products/34_300x300e62c.png]
[cdn.shopify.com/s/files/1/0263/2764/6287/products/34_{width}xe62c.png]
[cdn.shopify.com/s/files/1/0263/2764/6287/products/35_200x200_crop_centere62c.png]
[cdn.shopify.com/s/files/1/0263/2764/6287/products/35_1x1e62c.png]
[cdn.shopify.com/s/files/1/0263/2764/6287/products/35_300x300e62c.png]
[cdn.shopify.com/s/files/1/0263/2764/6287/products/35_{width}xe62c.png]
[cdn.shopify.com/s/files/1/0263/2764/6287/products/30_200x200_crop_centere62c.png]
[cdn.shopify.com/s/files/1/0263/2764/6287/products/30_1x1e62c.png]
[cdn.shopify.com/s/files/1/0263/2764/6287/products/30e62c.png]
[cdn.shopify.com/s/files/1/0263/2764/6287/products/30_300x300e62c.png]
[cdn.shopify.com/s/files/1/0263/2764/6287/products/30_{width}x.172e62c.delayed]
[cdn.shopify.com/s/files/1/0263/2764/6287/products/33_900xe62c.png]
[cdn.shopify.com/s/files/1/0263/2764/6287/products/34_900xe62c.png]
[cdn.shopify.com/s/files/1/0263/2764/6287/products/35_900xe62c.png]
[cdn.shopify.com/s/files/1/0263/2764/6287/products/30_900xe62c.png]
[cdn.shopify.com/s/files/1/0263/2764/6287/products/33_200x200_crop_centere62c.png]
[cdn.shopify.com/s/files/1/0263/2764/6287/files/output-onlinepngtools_1b93d.png]
[ezdetanglerbrush.com/products/hope.html]
[cdn.shopify.com/s/files/1/0263/2764/6287/files/no-frizzc1dc.png]
[cdn.shopify.com/s/files/1/0263/2764/6287/files/ultrac1dc.png]
[cdn.shopify.com/s/files/1/0263/2764/6287/files/toolc1dc.png]
[cdn.shopify.com/s/files/1/0263/2764/6287/files/savesc1dc.png]
[cdn.shopify.com/s/files/1/0263/2764/6287/files/arrow-upa2a5.png]
[cdn.shopify.com/s/files/1/0263/2764/6287/files/arrow-down42e2.png]
[cdn.shopify.com/s/files/1/0263/2764/6287/files/seenBG2b7e6.png]
[cdn.shopify.com/s/files/1/0263/2764/6287/files/check1a2a5.png]
[cdn.shopify.com/s/files/1/0263/2764/6287/files/guarantee-bg9ea1.png]
[cdn.shopify.com/s/files/1/0263/2764/6287/files/guarantee-girl300a.png]
[cdn.shopify.com/s/files/1/0263/2764/6287/files/arrow-left42e2.png]
[cdn.shopify.com/s/files/1/0263/2764/6287/files/arrow-right42e2.png]
[cdn.shopify.com/s/files/1/0263/2764/6287/files/EZ_logob7e6.png]
[cdn.shopify.com/s/files/1/0263/2764/6287/files/btn-shap42e2.png]
[cdn.shopify.com/s/files/1/0263/2764/6287/files/brusha289.png]
[cdn.shopify.com/s/files/1/0263/2764/6287/files/5stars_a53599c3-d4ef-4c69-beff-514aaaed46650c75.png]
[cdn.shopify.com/s/files/1/0263/2764/6287/products/9_200x200_crop_center2dd3.png]
[cdn.shopify.com/s/files/1/0263/2764/6287/products/92dd3.png]
[cdn.shopify.com/s/files/1/0263/2764/6287/products/9_300x3002dd3.png]
[cdn.shopify.com/s/files/1/0263/2764/6287/products/17_200x200_crop_center2dd3.png]
[cdn.shopify.com/s/files/1/0263/2764/6287/products/17_1x12dd3.png]
[cdn.shopify.com/s/files/1/0263/2764/6287/products/172dd3.png]
[cdn.shopify.com/s/files/1/0263/2764/6287/products/17_300x3002dd3.png]
[cdn.shopify.com/s/files/1/0263/2764/6287/products/17_{width}x.19d2dd3.delayed]
[cdn.shopify.com/s/files/1/0263/2764/6287/products/ProfessionalPhotoSquare_1_200x200_crop_center2ee4.png]
[cdn.shopify.com/s/files/1/0263/2764/6287/products/ProfessionalPhotoSquare_1_1x12ee4.png]
[cdn.shopify.com/s/files/1/0263/2764/6287/products/ProfessionalPhotoSquare_12ee4.png]
[cdn.shopify.com/s/files/1/0263/2764/6287/products/ProfessionalPhotoSquare_1_300x3002ee4.png]
[cdn.shopify.com/s/files/1/0263/2764/6287/products/ProfessionalPhotoSquare_1_{width}x2ee4.png]
[cdn.shopify.com/s/files/1/0263/2764/6287/products/22_200x200_crop_center2ee4.png]
[cdn.shopify.com/s/files/1/0263/2764/6287/products/22_1x12ee4.png]
[cdn.shopify.com/s/files/1/0263/2764/6287/products/222ee4.png]
[cdn.shopify.com/s/files/1/0263/2764/6287/products/22_300x3002ee4.png]
[cdn.shopify.com/s/files/1/0263/2764/6287/products/22_{width}x2ee4.png]
[cdn.shopify.com/s/files/1/0263/2764/6287/products/5FB64356-1DDF-4170-B2BE-A735C13C382D_200x200_crop_center2ee4.jpg]
[cdn.shopify.com/s/files/1/0263/2764/6287/products/5FB64356-1DDF-4170-B2BE-A735C13C382D_1x12ee4.jpg]
[cdn.shopify.com/s/files/1/0263/2764/6287/products/5FB64356-1DDF-4170-B2BE-A735C13C382D2ee4.jpg]
[cdn.shopify.com/s/files/1/0263/2764/6287/products/5FB64356-1DDF-4170-B2BE-A735C13C382D_300x3002ee4.jpg]
[cdn.shopify.com/s/files/1/0263/2764/6287/products/5FB64356-1DDF-4170-B2BE-A735C13C382D_{width}x2ee4.jpg]
[cdn.shopify.com/s/files/1/0263/2764/6287/products/IMG_1024_200x200_crop_center2ee4.jpg]
[cdn.shopify.com/s/files/1/0263/2764/6287/products/IMG_1024_1x12ee4.jpg]
[cdn.shopify.com/s/files/1/0263/2764/6287/products/IMG_10242ee4.jpg]
[cdn.shopify.com/s/files/1/0263/2764/6287/products/IMG_1024_300x3002ee4.jpg]
[cdn.shopify.com/s/files/1/0263/2764/6287/products/IMG_1024_{width}x2ee4.jpg]
[cdn.shopify.com/s/files/1/0263/2764/6287/products/5759D8A4-82D0-4AB7-9126-B965DC7F0A8B_200x200_crop_center2ee4.jpg]
[cdn.shopify.com/s/files/1/0263/2764/6287/products/5759D8A4-82D0-4AB7-9126-B965DC7F0A8B_1x12ee4.jpg]
[cdn.shopify.com/s/files/1/0263/2764/6287/products/5759D8A4-82D0-4AB7-9126-B965DC7F0A8B2ee4.jpg]
[cdn.shopify.com/s/files/1/0263/2764/6287/products/5759D8A4-82D0-4AB7-9126-B965DC7F0A8B_300x3002ee4.jpg]
[cdn.shopify.com/s/files/1/0263/2764/6287/products/5759D8A4-82D0-4AB7-9126-B965DC7F0A8B_{width}x2ee4.jpg]
[cdn.shopify.com/s/files/1/0263/2764/6287/products/ProfessionalPhotoSquare_4_200x200_crop_center2ee4.png]
[cdn.shopify.com/s/files/1/0263/2764/6287/products/ProfessionalPhotoSquare_4_1x12ee4.png]
[cdn.shopify.com/s/files/1/0263/2764/6287/products/ProfessionalPhotoSquare_42ee4.png]
[cdn.shopify.com/s/files/1/0263/2764/6287/products/ProfessionalPhotoSquare_4_300x3002ee4.png]
[cdn.shopify.com/s/files/1/0263/2764/6287/products/ProfessionalPhotoSquare_4_{width}x.1d92ee4.delayed]
[cdn.shopify.com/s/files/1/0263/2764/6287/products/21_200x200_crop_center2ee4.png]
[cdn.shopify.com/s/files/1/0263/2764/6287/products/21_1x12ee4.png]
[cdn.shopify.com/s/files/1/0263/2764/6287/products/212ee4.png]
[cdn.shopify.com/s/files/1/0263/2764/6287/products/21_300x3002ee4.png]
[cdn.shopify.com/s/files/1/0263/2764/6287/products/21_{width}x2ee4.png]
[cdn.shopify.com/s/files/1/0263/2764/6287/products/9_900x2dd3.png]
[cdn.shopify.com/s/files/1/0263/2764/6287/products/17_900x2dd3.png]
[cdn.shopify.com/s/files/1/0263/2764/6287/products/ProfessionalPhotoSquare_1_900x2ee4.png]
[cdn.shopify.com/s/files/1/0263/2764/6287/products/22_900x2ee4.png]
[cdn.shopify.com/s/files/1/0263/2764/6287/products/5FB64356-1DDF-4170-B2BE-A735C13C382D_900x2ee4.jpg]
[cdn.shopify.com/s/files/1/0263/2764/6287/products/IMG_1024_900x2ee4.jpg]
[cdn.shopify.com/s/files/1/0263/2764/6287/products/5759D8A4-82D0-4AB7-9126-B965DC7F0A8B_900x2ee4.jpg]
[cdn.shopify.com/s/files/1/0263/2764/6287/products/ProfessionalPhotoSquare_4_900x2ee4.png]
[cdn.shopify.com/s/files/1/0263/2764/6287/products/21_900x2ee4.png]
[cdn.shopify.com/s/files/1/0263/2764/6287/files/rsz_off935a.png]
[cdn.shopify.com/s/files/1/0263/2764/6287/files/cart-iconc1dc.png]
[cdn.shopify.com/s/files/1/0263/2764/6287/files/cc1dc.png]
[cdn.shopify.com/s/files/1/0263/2764/6287/files/t-starsc90e.png]
[cdn.shopify.com/s/files/1/0263/2764/6287/files/company142e2.png]
[cdn.shopify.com/s/files/1/0263/2764/6287/files/company2a2a5.png]
[cdn.shopify.com/s/files/1/0263/2764/6287/files/company3b7e6.png]
[cdn.shopify.com/s/files/1/0263/2764/6287/files/company4a2a5.png]
[cdn.shopify.com/s/files/1/0263/2764/6287/files/company5b7e6.png]
[cdn.shopify.com/s/files/1/0263/2764/6287/files/company642e2.png]
[cdn.shopify.com/s/files/1/0263/2764/6287/files/company742e2.png]
[cdn.shopify.com/s/files/1/0263/2764/6287/files/heatDamage300a.png]
[cdn.shopify.com/s/files/1/0263/2764/6287/files/EZ-smallb7e6.png]
[cdn.shopify.com/s/files/1/0263/2764/6287/files/title4b7e6.png]
[cdn.shopify.com/s/files/1/0263/2764/6287/files/before-after4abf.png]
[cdn.shopify.com/s/files/1/0263/2764/6287/files/benefit1b7e6.png]
[cdn.shopify.com/s/files/1/0263/2764/6287/files/benefit2b7e6.png]
[cdn.shopify.com/s/files/1/0263/2764/6287/files/benefits300a.png]
[cdn.shopify.com/s/files/1/0263/2764/6287/files/benefit3b7e6.png]
[cdn.shopify.com/s/files/1/0263/2764/6287/files/benefit442e2.png]
[cdn.shopify.com/s/files/1/0263/2764/6287/files/benefit542e2.png]
[cdn.shopify.com/s/files/1/0263/2764/6287/files/videoCover4abf.png]
[cdn.shopify.com/s/files/1/0263/2764/6287/files/playBtnb7e6.png]
[cdn.shopify.com/s/files/1/0263/2764/6287/files/guarantee-imgb7e6.png]
[cdn.shopify.com/s/files/1/0263/2764/6287/files/Fast-Deliverya2a5.png]
[cdn.shopify.com/s/files/1/0263/2764/6287/files/Free-Shippinga2a5.png]
[cdn.shopify.com/s/files/1/0263/2764/6287/files/Easy-Returnsa2a5.png]
[cdn.shopify.com/s/files/1/0263/2764/6287/files/05D27E4F-7776-402F-8620-745A51CCDF5A21a7.jpg]
[cdn.shopify.com/s/files/1/0263/2764/6287/files/Shajarim_Dastagir_r2_9831bb30.jpg]
[cdn.shopify.com/s/files/1/0263/2764/6287/files/esthersboadi_dryer_photo421a7.jpg]
[cdn.shopify.com/s/files/1/0263/2764/6287/files/7f-Shajarim_Dastagir_r1_7058bb30.jpg]
[cdn.shopify.com/s/files/1/0263/2764/6287/files/OFF_c635093e-574b-4d94-b60a-ce7cdc41c05ad711.png]
[cdn.shopify.com/s/files/1/0263/2764/6287/files/chackoutnew1e22.png]
[cdn.shopify.com/s/files/1/0263/2764/6287/files/5stars42e2.png]
[ezdetanglerbrush.com/support/tickets/new.218.delayed]
[ezdetanglerbrush.com/pages/professional-blow-dryer.html]
[ezdetanglerbrush.com/collections/ezdoesit-offers.atom]
[ezdetanglerbrush.com/collections/ezdoesit-offers.oembed]
[ezdetanglerbrush.com/collections/POST]
[ezdetanglerbrush.com/collections/ezdoesit-offers/products/the-ez-bundle.html]
[cdn.shopify.com/s/files/1/0263/2764/6287/products/7_1x1eab4.png]
[cdn.shopify.com/s/files/1/0263/2764/6287/products/7_{width}xeab4.png]
[cdn.shopify.com/s/files/1/0263/2764/6287/products/7_360xeab4.png]
[ezdetanglerbrush.com/collections/ezdoesit-offers/products/ez-drying-bundle.html]
[cdn.shopify.com/s/files/1/0263/2764/6287/products/28_1x1c385.png]
[cdn.shopify.com/s/files/1/0263/2764/6287/products/28_{width}xc385.png]
[cdn.shopify.com/s/files/1/0263/2764/6287/products/28_360xc385.png]
[ezdetanglerbrush.com/collections/ezdoesit-offers/products/misty-clean-bundle.html]
[cdn.shopify.com/s/files/1/0263/2764/6287/products/29_1x19547.png]
[cdn.shopify.com/s/files/1/0263/2764/6287/products/29_{width}x9547.png]
[cdn.shopify.com/s/files/1/0263/2764/6287/products/29_360x9547.png]
[ezdetanglerbrush.com/collections/ezdoesit-offers/products/sleepn-ez-bundle.html]
[cdn.shopify.com/s/files/1/0263/2764/6287/products/26_a84458d3-f434-4fc8-8d19-3a0c6920a8b1_1x1f97d.png]
[cdn.shopify.com/s/files/1/0263/2764/6287/products/26_a84458d3-f434-4fc8-8d19-3a0c6920a8b1_{width}xf97d.png]
[cdn.shopify.com/s/files/1/0263/2764/6287/products/26_a84458d3-f434-4fc8-8d19-3a0c6920a8b1_360xf97d.png]
[ezdetanglerbrush.com/collections/ezdoesit-offers/products/stylen-go-bundle.html]
[cdn.shopify.com/s/files/1/0263/2764/6287/products/27_1x11b8d.png]
[cdn.shopify.com/s/files/1/0263/2764/6287/products/27_{width}x1b8d.png]
[cdn.shopify.com/s/files/1/0263/2764/6287/products/27_360x1b8d.png]
[ezdetanglerbrush.com/collections/ezdoesit-offers/products/washn-style-bundle.html]
[cdn.shopify.com/s/files/1/0263/2764/6287/products/25_1x195a2.png]
[cdn.shopify.com/s/files/1/0263/2764/6287/products/25_{width}x95a2.png]
[cdn.shopify.com/s/files/1/0263/2764/6287/products/25_360x95a2.png]
[ezdetanglerbrush.com/collections/e.path[0]]
[ezdetanglerbrush.com/collections/ezdoesit-offers.html]
[ezdetanglerbrush.com/pages/track-your-order.html]
[www.17track.net/externalcall.js]
[cdn.shopify.com/s/global/search.css]
[ezdetanglerbrush.com/search.html]
[ezdetanglerbrush.com/products/ez-detangler-pro.html]
[ezdetanglerbrush.com/products/ez-detangler-pro.oembed]
[ezdetanglerbrush.com/collections/ez-collection/products/POST]
[ezdetanglerbrush.com/collections/ez-collection/products/e.path[0]]
[ezdetanglerbrush.com/collections/ez-collection/products/ez-detangler-pro.html]
[cdn.shopify.com/s/files/1/0263/2764/6287/products/1_6f3ca700-00d3-4f7d-9a34-37a1345593c2_{width}x3ff9.html]
[ezdetanglerbrush.com/products/ezdryer.html]
[ezdetanglerbrush.com/products/ezdryer.oembed]
[cdn.shopify.com/s/files/1/0263/2764/6287/files/esthersboadi_dryer_photo3_1_480x480c60d.jpg]
[ezdetanglerbrush.com/collections/ez-collection/products/ezdryer.html]
[cdn.shopify.com/s/files/1/0263/2764/6287/products/9_{width}x2dd3.html]
[ezdetanglerbrush.com/collections/ez-collection/products/original.html]
[cdn.shopify.com/s/files/1/0263/2764/6287/products/3_8ed8d99f-67a7-4a9f-b2d4-f25b223f25ac_{width}xb508.html]
[ezdetanglerbrush.com/products/ez-mist-spray-bottle.html]
[ezdetanglerbrush.com/products/ez-mist-spray-bottle.oembed]
[cdn.shopify.com/s/files/1/0263/2764/6287/products/17_e3c94634-40a1-49cd-ac3f-30b659bbf0816857.png]
[cdn.shopify.com/s/files/1/0263/2764/6287/products/186857.png]
[cdn.shopify.com/s/files/1/0263/2764/6287/products/product-image-10978516876857.jpg]
[cdn.shopify.com/s/files/1/0263/2764/6287/products/product-image-10978516886857.jpg]
[cdn.shopify.com/s/files/1/0263/2764/6287/products/166857.png]
[cdn.shopify.com/s/files/1/0263/2764/6287/products/16_300x3006857.png]
[cdn.shopify.com/s/files/1/0263/2764/6287/products/17_e3c94634-40a1-49cd-ac3f-30b659bbf081_200x200_crop_center6857.png]
[cdn.shopify.com/s/files/1/0263/2764/6287/products/17_e3c94634-40a1-49cd-ac3f-30b659bbf081_1x16857.png]
[cdn.shopify.com/s/files/1/0263/2764/6287/products/17_e3c94634-40a1-49cd-ac3f-30b659bbf081_300x3006857.png]
[cdn.shopify.com/s/files/1/0263/2764/6287/products/17_e3c94634-40a1-49cd-ac3f-30b659bbf081_{width}x6857.png]
[cdn.shopify.com/s/files/1/0263/2764/6287/products/18_200x200_crop_center6857.png]
[cdn.shopify.com/s/files/1/0263/2764/6287/products/18_1x16857.png]
[cdn.shopify.com/s/files/1/0263/2764/6287/products/18_300x3006857.png]
[cdn.shopify.com/s/files/1/0263/2764/6287/products/18_{width}x6857.png]
[cdn.shopify.com/s/files/1/0263/2764/6287/products/product-image-1097851687_200x200_crop_center6857.jpg]
[cdn.shopify.com/s/files/1/0263/2764/6287/products/product-image-1097851687_1x16857.jpg]
[cdn.shopify.com/s/files/1/0263/2764/6287/products/product-image-1097851687_300x3006857.jpg]
[cdn.shopify.com/s/files/1/0263/2764/6287/products/product-image-1097851687_{width}x6857.jpg]
[cdn.shopify.com/s/files/1/0263/2764/6287/products/product-image-1097851688_200x200_crop_center6857.jpg]
[cdn.shopify.com/s/files/1/0263/2764/6287/products/product-image-1097851688_1x16857.jpg]
[cdn.shopify.com/s/files/1/0263/2764/6287/products/product-image-1097851688_300x3006857.jpg]
[cdn.shopify.com/s/files/1/0263/2764/6287/products/product-image-1097851688_{width}x6857.jpg]
[cdn.shopify.com/s/files/1/0263/2764/6287/products/product-image-1022245252_200x200_crop_center6857.jpg]
[cdn.shopify.com/s/files/1/0263/2764/6287/products/product-image-1022245252_1x16857.jpg]
[cdn.shopify.com/s/files/1/0263/2764/6287/products/product-image-10222452526857.jpg]
[cdn.shopify.com/s/files/1/0263/2764/6287/products/product-image-1022245252_300x3006857.jpg]
[cdn.shopify.com/s/files/1/0263/2764/6287/products/product-image-1022245252_{width}x6857.jpg]
[cdn.shopify.com/s/files/1/0263/2764/6287/products/16_900x6857.png]
[cdn.shopify.com/s/files/1/0263/2764/6287/products/17_e3c94634-40a1-49cd-ac3f-30b659bbf081_900x6857.png]
[cdn.shopify.com/s/files/1/0263/2764/6287/products/18_900x6857.png]
[cdn.shopify.com/s/files/1/0263/2764/6287/products/product-image-1097851687_900x6857.jpg]
[cdn.shopify.com/s/files/1/0263/2764/6287/products/product-image-1097851688_900x6857.jpg]
[cdn.shopify.com/s/files/1/0263/2764/6287/products/product-image-1022245252_900x6857.jpg]
[cdn.shopify.com/s/files/1/0263/2764/6287/products/16_200x200_crop_center6857.png]
[ezdetanglerbrush.com/collections/ez-collection/products/ez-mist-spray-bottle.html]
[cdn.shopify.com/s/files/1/0263/2764/6287/products/16_{width}x6857.html]
[ezdetanglerbrush.com/products/acupuncture-scalp-massage-brush.html]
[ezdetanglerbrush.com/products/acupuncture-scalp-massage-brush.oembed]
[cdn.shopify.com/s/files/1/0263/2764/6287/products/13e4a0.png]
[cdn.shopify.com/s/files/1/0263/2764/6287/products/15e4a0.png]
[cdn.shopify.com/s/files/1/0263/2764/6287/products/14e4a0.png]
[cdn.shopify.com/s/files/1/0263/2764/6287/products/14_300x300e4a0.png]
[cdn.shopify.com/s/files/1/0263/2764/6287/products/13_200x200_crop_centere4a0.png]
[cdn.shopify.com/s/files/1/0263/2764/6287/products/13_1x1e4a0.png]
[cdn.shopify.com/s/files/1/0263/2764/6287/products/13_300x300e4a0.png]
[cdn.shopify.com/s/files/1/0263/2764/6287/products/13_{width}xe4a0.png]
[cdn.shopify.com/s/files/1/0263/2764/6287/products/15_200x200_crop_centere4a0.png]
[cdn.shopify.com/s/files/1/0263/2764/6287/products/15_1x1e4a0.png]
[cdn.shopify.com/s/files/1/0263/2764/6287/products/15_300x300e4a0.png]
[cdn.shopify.com/s/files/1/0263/2764/6287/products/15_{width}xe4a0.png]
[cdn.shopify.com/s/files/1/0263/2764/6287/products/31_200x200_crop_centere4a0.png]
[cdn.shopify.com/s/files/1/0263/2764/6287/products/31_1x1e4a0.png]
[cdn.shopify.com/s/files/1/0263/2764/6287/products/31e4a0.png]
[cdn.shopify.com/s/files/1/0263/2764/6287/products/31_300x300e4a0.png]
[cdn.shopify.com/s/files/1/0263/2764/6287/products/31_{width}xe4a0.png]
[cdn.shopify.com/s/files/1/0263/2764/6287/products/14_900xe4a0.png]
[cdn.shopify.com/s/files/1/0263/2764/6287/products/13_900xe4a0.png]
[cdn.shopify.com/s/files/1/0263/2764/6287/products/15_900xe4a0.png]
[cdn.shopify.com/s/files/1/0263/2764/6287/products/31_900xe4a0.png]
[cdn.shopify.com/s/files/1/0263/2764/6287/products/14_200x200_crop_centere4a0.png]
[ezdetanglerbrush.com/collections/ez-collection/products/acupuncture-scalp-massage-brush.html]
[cdn.shopify.com/s/files/1/0263/2764/6287/products/14_{width}xe4a0.html]
[ezdetanglerbrush.com/collections/ez-collection.atom]
[ezdetanglerbrush.com/collections/ez-collection.html]
[ezdetanglerbrush.com/collections/ez-collection.oembed]
[ezdetanglerbrush.com/collections/curlyqueen.atom]
[ezdetanglerbrush.com/collections/curlyqueen.oembed]
[ezdetanglerbrush.com/collections/curlyqueen/products/original.html]
[ezdetanglerbrush.com/collections/curlyqueen/products/curl-drying-turban-towel.html]
[cdn.shopify.com/s/files/1/0263/2764/6287/products/12_1x1a329.png]
[cdn.shopify.com/s/files/1/0263/2764/6287/products/12_{width}xa329.png]
[cdn.shopify.com/s/files/1/0263/2764/6287/products/12_360xa329.png]
[ezdetanglerbrush.com/collections/curlyqueen/products/curly-protecting-slouch-benie.html]
[cdn.shopify.com/s/files/1/0263/2764/6287/products/6_1x176bc.png]
[cdn.shopify.com/s/files/1/0263/2764/6287/products/6_{width}x76bc.png]
[cdn.shopify.com/s/files/1/0263/2764/6287/products/6_360x76bc.png]
[ezdetanglerbrush.com/collections/curlyqueen/products/curly-hair-pick.html]
[cdn.shopify.com/s/files/1/0263/2764/6287/products/9_4d0130dd-25ba-42da-b8a6-cf593d975eb1_1x16812.png]
[cdn.shopify.com/s/files/1/0263/2764/6287/products/9_4d0130dd-25ba-42da-b8a6-cf593d975eb1_{width}x6812.png]
[cdn.shopify.com/s/files/1/0263/2764/6287/products/9_4d0130dd-25ba-42da-b8a6-cf593d975eb1_360x6812.png]
[ezdetanglerbrush.com/collections/curlyqueen/products/ez-mist-spray-bottle.html]
[ezdetanglerbrush.com/collections/curlyqueen/products/acupuncture-scalp-massage-brush.html]
[ezdetanglerbrush.com/collections/curlyqueen/products/floral-satin-bonnet.html]
[cdn.shopify.com/s/files/1/0263/2764/6287/products/21_b392842a-3690-4851-945b-f00b9021aa1f_1x1cce3.png]
[cdn.shopify.com/s/files/1/0263/2764/6287/products/21_b392842a-3690-4851-945b-f00b9021aa1f_{width}xcce3.png]
[cdn.shopify.com/s/files/1/0263/2764/6287/products/21_b392842a-3690-4851-945b-f00b9021aa1f_360xcce3.png]
[ezdetanglerbrush.com/collections/curlyqueen/products/ezdryer.html]
[ezdetanglerbrush.com/collections/curlyqueen.html]
[ezdetanglerbrush.com/collections/curlyqueen/products/ez-detangler-pro.html]
[ezdetanglerbrush.com/blogs/ez-blogs.atom]
[ezdetanglerbrush.com/blogs/ez-blogs/POST]
[cdn.shopify.com/s/files/1/0263/2764/6287/articles/IMG_3492_720xa669.jpg]
[cdn.shopify.com/s/files/1/0263/2764/6287/files/ezgif.com-gif-maker_4_697deaba-96a3-41dd-8332-972037df4467_large75aa.gif]
[cdn.shopify.com/s/files/1/0263/2764/6287/files/photo-1558990397-489e8f26f88c_large8693.jpg]
[ezdetanglerbrush.com/products/the-ez-detangler-brush-deal]
[ezdetanglerbrush.com/blogs/ez-blogs/e.path[0]]
[ezdetanglerbrush.com/blogs/ez-blogs/how-to-fix-the-damaged-curly-hair.html]
[cdn.shopify.com/s/files/1/0263/2764/6287/articles/IMG_3492_{width}xa669.html]
[cdn.shopify.com/s/files/1/0263/2764/6287/articles/IMG_3496_1a4bc003-e43c-48b6-b01a-4b04de01b73e_720x8985.jpg]
[ezdetanglerbrush.com/collections/curlyqueen/products/acupuncture-scalp-massage-brushc6cb.html]
[cdn.shopify.com/s/files/1/0263/2764/6287/files/ezgif.com-gif-maker_11_large62d8.gif]
[ezdetanglerbrush.com/blogs/ez-blogs/why-should-you-own-an-ez-detangler-brush.html]
[cdn.shopify.com/s/files/1/0263/2764/6287/articles/IMG_3496_1a4bc003-e43c-48b6-b01a-4b04de01b73e_{width}x8985.html]
[cdn.shopify.com/s/files/1/0263/2764/6287/articles/IMG_3443_720x00b0.jpg]
[cdn.shopify.com/s/files/1/0263/2764/6287/files/pexels-photo-2703316_large02e1.jpg]
[ezdetanglerbrush.com/blogs/ez-blogs/detangling-simplified.html]
[cdn.shopify.com/s/files/1/0263/2764/6287/articles/IMG_3443_{width}x00b0.html]
[ezdetanglerbrush.com/pages/shipping-handling.html]
[ezdetanglerbrush.com/pages/privacy-policy.html]
[ezdetanglerbrush.com/pages/return-policy.html]
[ezdetanglerbrush.com/pages/terms-of-service.html]
[ezdetanglerbrush.com/pages/ez-detangler-covid-19.html]
[ezdetanglerbrush.com/pages/wholesale.html]
[ezdetanglerbrush.com/e.html]
[ezdetanglerbrush.com/account/login.html]
[ezdetanglerbrush.com/account/POST.html]
[ezdetanglerbrush.com/account/register.html]
[ezdetanglerbrush.com/account/e.html]
[ezdetanglerbrush.com/products/the-ez-detangler-brush-wholesale-sample.html]
[ezdetanglerbrush.com/collections/all.atom]
[ezdetanglerbrush.com/products/dryer_detangler_bfcm.html]
[cdn.shopify.com/s/files/1/0263/2764/6287/products/shajarim_destagir_ex_pro_shoot_r1_3R7A0685_1x1251d.jpg]
[cdn.shopify.com/s/files/1/0263/2764/6287/products/shajarim_destagir_ex_pro_shoot_r1_3R7A0685_{width}x251d.jpg]
[cdn.shopify.com/s/files/1/0263/2764/6287/products/shajarim_destagir_ex_pro_shoot_r1_3R7A0685_360x251d.jpg]
[ezdetanglerbrush.com/products/detangler-dryer-bundle-pack-bogo.html]
[cdn.shopify.com/s/files/1/0263/2764/6287/products/shajarim_destagir_ex_pro_shoot_r1_3R7A0685_8056a77c-e78b-4389-a716-a7b3dc635545_1x1cb31.jpg]
[cdn.shopify.com/s/files/1/0263/2764/6287/products/shajarim_destagir_ex_pro_shoot_r1_3R7A0685_8056a77c-e78b-4389-a716-a7b3dc635545_{width}xcb31.jpg]
[cdn.shopify.com/s/files/1/0263/2764/6287/products/shajarim_destagir_ex_pro_shoot_r1_3R7A0685_8056a77c-e78b-4389-a716-a7b3dc635545_360xcb31.jpg]
[cdn.shopify.com/s/files/1/0263/2764/6287/products/33_360xe62c.png]
[ezdetanglerbrush.com/products/ez-drying-bundle.html]
[ezdetanglerbrush.com/products/curly-hair-pick.html]
[ezdetanglerbrush.com/products/curl-drying-turban-towel.html]
[ezdetanglerbrush.com/products/misty-clean-bundle.html]
[ezdetanglerbrush.com/products/floral-satin-bonnet.html]
[ezdetanglerbrush.com/products/reshipment.html]
[cdn.shopify.com/s/files/1/0263/2764/6287/products/Untitleddesign_8_1x15dd0.jpg]
[cdn.shopify.com/s/files/1/0263/2764/6287/products/Untitleddesign_8_{width}x5dd0.jpg]
[cdn.shopify.com/s/files/1/0263/2764/6287/products/Untitleddesign_8_360x5dd0.jpg]
[ezdetanglerbrush.com/products/sleepn-ez-bundle.html]
[ezdetanglerbrush.com/products/stylen-go-bundle.html]
[ezdetanglerbrush.com/products/the-ez-bundle.html]
[cdn.shopify.com/s/files/1/0263/2764/6287/products/1_dfb20ccc-b1f9-4f39-ad41-ecbe612fa4f8_1x1784e.png]
[cdn.shopify.com/s/files/1/0263/2764/6287/products/1_dfb20ccc-b1f9-4f39-ad41-ecbe612fa4f8_{width}x784e.png]
[cdn.shopify.com/s/files/1/0263/2764/6287/products/1_dfb20ccc-b1f9-4f39-ad41-ecbe612fa4f8_360x784e.png]
[ezdetanglerbrush.com/products/curly-protecting-slouch-benie.html]
[ezdetanglerbrush.com/collections/all.html]
[ezdetanglerbrush.com/pages/POST.html]
[ezdetanglerbrush.com/products/washn-style-bundle.html]
[cdn.shopify.com/s/files/1/0263/2764/6287/files/rsz_main-imgec54.png]
[cdn.shopify.com/s/files/1/0263/2764/6287/t/15/assets/ezDetanglerPro5059.css]
[cdn.jsdelivr.net/npm/slick-carousel@1.8.1/slick/slick.css]
[cdn.shopify.com/s/files/1/0263/2764/6287/products/2_4203490f-a88b-40d0-95b1-788c09932b6a_{width}xbd24.html]
[cdn.shopify.com/s/files/1/0263/2764/6287/products/3_45b25b8d-785a-4110-a216-ac1a370cd8ac_{width}x1087.html]
[cdn.shopify.com/s/files/1/0263/2764/6287/products/4_e36cfc3b-95f4-46e9-8fa9-1b635efa4024_{width}x1087.html]
[cdn.shopify.com/s/files/1/0263/2764/6287/products/5_f400f0bb-07ff-4852-8850-ffa3687961ca_{width}x6ace.html]
[cdn.shopify.com/s/files/1/0263/2764/6287/products/6_c4266c29-ad49-4b61-bead-79c4682288a4_{width}x1087.html]
[cdn.shopify.com/s/files/1/0263/2764/6287/products/7_0a5a1e67-d2bc-4cac-9543-6e92282ff3f1_{width}xbd24.html]
[ezdetanglerbrush.com/pages/e.path[0]]
[ezdetanglerbrush.com/products/POST.html]
[cdn.shopify.com/s/files/1/0263/2764/6287/products/1_57b213c7-bc16-4823-b40f-73561f8c1af7_{width}xb508.html]
[cdn.shopify.com/s/files/1/0263/2764/6287/products/2_c9b4328e-dfa5-40a5-9192-9e9c69aceac3_{width}xb508.html]
[cdn.shopify.com/s/files/1/0263/2764/6287/products/1_ca154455-7e67-43f4-b3e3-6f375b8547c8_{width}x3b19.html]
[cdn.shopify.com/s/files/1/0263/2764/6287/products/2_16c38ccb-2f5e-4077-b2cd-7245ef191000_{width}x3b19.html]
[cdn.shopify.com/s/files/1/0263/2764/6287/products/7_25cea904-9f8c-4d85-90c2-33a2ccd924ed_{width}x3b19.html]
[cdn.shopify.com/s/files/1/0263/2764/6287/products/30_b353c442-2168-4f81-a0ce-966003b14f9e_{width}xb508.html]
[ezdetanglerbrush.com/products/e.path[0]]
[cdn.shopify.com/s/files/1/0263/2764/6287/products/33_{width}xe62c.html]
[cdn.shopify.com/s/files/1/0263/2764/6287/products/34_{width}xe62c.html]
[cdn.shopify.com/s/files/1/0263/2764/6287/products/35_{width}xe62c.html]
[cdn.shopify.com/s/files/1/0263/2764/6287/products/30_{width}xe62c.html]
[cdn.shopify.com/s/files/1/0263/2764/6287/products/17_{width}x2dd3.html]
[cdn.shopify.com/s/files/1/0263/2764/6287/products/ProfessionalPhotoSquare_1_{width}x2ee4.html]
[cdn.shopify.com/s/files/1/0263/2764/6287/products/22_{width}x2ee4.html]
[cdn.shopify.com/s/files/1/0263/2764/6287/products/5FB64356-1DDF-4170-B2BE-A735C13C382D_{width}x2ee4.html]
[cdn.shopify.com/s/files/1/0263/2764/6287/products/IMG_1024_{width}x2ee4.html]
[cdn.shopify.com/s/files/1/0263/2764/6287/products/5759D8A4-82D0-4AB7-9126-B965DC7F0A8B_{width}x2ee4.html]
[cdn.shopify.com/s/files/1/0263/2764/6287/products/ProfessionalPhotoSquare_4_{width}x2ee4.html]
[cdn.shopify.com/s/files/1/0263/2764/6287/products/21_{width}x2ee4.html]
[ezdetanglerbrush.com/support/tickets/new.html]
[ezdetanglerbrush.com/collections/POST.html]
[ezdetanglerbrush.com/products/the-ez-bundle.oembed]
[cdn.shopify.com/s/files/1/0263/2764/6287/products/1_98a9e6ad-272e-488a-baf7-21c0e884c9b9eab4.png]
[cdn.shopify.com/s/files/1/0263/2764/6287/products/2_83ec2f8c-3e47-4237-9445-d49b715d3dbaeab4.png]
[ezdetanglerbrush.com/collections/ezdoesit-offers/products/POST]
[cdn.shopify.com/s/files/1/0263/2764/6287/products/7eab4.png]
[cdn.shopify.com/s/files/1/0263/2764/6287/products/7_300x300eab4.png]
[cdn.shopify.com/s/files/1/0263/2764/6287/products/1_98a9e6ad-272e-488a-baf7-21c0e884c9b9_200x200_crop_centereab4.png]
[cdn.shopify.com/s/files/1/0263/2764/6287/products/1_98a9e6ad-272e-488a-baf7-21c0e884c9b9_1x1eab4.png]
[cdn.shopify.com/s/files/1/0263/2764/6287/products/1_98a9e6ad-272e-488a-baf7-21c0e884c9b9_300x300eab4.png]
[cdn.shopify.com/s/files/1/0263/2764/6287/products/1_98a9e6ad-272e-488a-baf7-21c0e884c9b9_{width}xeab4.png]
[cdn.shopify.com/s/files/1/0263/2764/6287/products/2_83ec2f8c-3e47-4237-9445-d49b715d3dba_200x200_crop_centereab4.png]
[cdn.shopify.com/s/files/1/0263/2764/6287/products/2_83ec2f8c-3e47-4237-9445-d49b715d3dba_1x1eab4.png]
[cdn.shopify.com/s/files/1/0263/2764/6287/products/2_83ec2f8c-3e47-4237-9445-d49b715d3dba_300x300eab4.png]
[cdn.shopify.com/s/files/1/0263/2764/6287/products/2_83ec2f8c-3e47-4237-9445-d49b715d3dba_{width}xeab4.png]
[cdn.shopify.com/s/files/1/0263/2764/6287/products/3_78fd5baf-2897-4613-80c8-e3445a6b6080_200x200_crop_centereab4.png]
[cdn.shopify.com/s/files/1/0263/2764/6287/products/3_78fd5baf-2897-4613-80c8-e3445a6b6080_1x1eab4.png]
[cdn.shopify.com/s/files/1/0263/2764/6287/products/3_78fd5baf-2897-4613-80c8-e3445a6b6080eab4.png]
[cdn.shopify.com/s/files/1/0263/2764/6287/products/3_78fd5baf-2897-4613-80c8-e3445a6b6080_300x300eab4.png]
[cdn.shopify.com/s/files/1/0263/2764/6287/products/3_78fd5baf-2897-4613-80c8-e3445a6b6080_{width}xeab4.png]
[cdn.shopify.com/s/files/1/0263/2764/6287/products/7_900xeab4.png]
[cdn.shopify.com/s/files/1/0263/2764/6287/products/1_98a9e6ad-272e-488a-baf7-21c0e884c9b9_900xeab4.png]
[cdn.shopify.com/s/files/1/0263/2764/6287/products/2_83ec2f8c-3e47-4237-9445-d49b715d3dba_900xeab4.png]
[cdn.shopify.com/s/files/1/0263/2764/6287/products/3_78fd5baf-2897-4613-80c8-e3445a6b6080_900xeab4.png]
[cdn.shopify.com/s/files/1/0263/2764/6287/products/7_200x200_crop_centereab4.png]
[cdn.shopify.com/s/files/1/0263/2764/6287/files/2_Blue_2_Pink_3_largea876.jpg]
[cdn.shopify.com/s/files/1/0263/2764/6287/files/EZ_1_7b37b66c-b26a-40d2-b8f1-4fbf9a9b85f5_grande4447.png]
[ezdetanglerbrush.com/collections/ezdoesit-offers/products/e.368.delayed]
[ezdetanglerbrush.com/collections/ezdoesit-offers/products/the-ez-bundle.html]
[cdn.shopify.com/s/files/1/0263/2764/6287/products/7_{width}xeab4.html]
[ezdetanglerbrush.com/products/ez-drying-bundle.oembed]
[cdn.shopify.com/s/files/1/0263/2764/6287/products/36c385.png]
[cdn.shopify.com/s/files/1/0263/2764/6287/products/38c385.png]
[cdn.shopify.com/s/files/1/0263/2764/6287/products/28c385.png]
[cdn.shopify.com/s/files/1/0263/2764/6287/products/28_300x300c385.png]
[cdn.shopify.com/s/files/1/0263/2764/6287/products/36_200x200_crop_centerc385.png]
[cdn.shopify.com/s/files/1/0263/2764/6287/products/36_1x1c385.png]
[cdn.shopify.com/s/files/1/0263/2764/6287/products/36_300x300c385.png]
[cdn.shopify.com/s/files/1/0263/2764/6287/products/36_{width}xc385.png]
[cdn.shopify.com/s/files/1/0263/2764/6287/products/38_200x200_crop_centerc385.png]
[cdn.shopify.com/s/files/1/0263/2764/6287/products/38_1x1c385.png]
[cdn.shopify.com/s/files/1/0263/2764/6287/products/38_300x300c385.png]
[cdn.shopify.com/s/files/1/0263/2764/6287/products/38_{width}xc385.png]
[cdn.shopify.com/s/files/1/0263/2764/6287/products/39_200x200_crop_centerc385.png]
[cdn.shopify.com/s/files/1/0263/2764/6287/products/39_1x1c385.png]
[cdn.shopify.com/s/files/1/0263/2764/6287/products/39c385.png]
[cdn.shopify.com/s/files/1/0263/2764/6287/products/39_300x300c385.png]
[cdn.shopify.com/s/files/1/0263/2764/6287/products/39_{width}xc385.png]
[cdn.shopify.com/s/files/1/0263/2764/6287/products/28_900xc385.png]
[cdn.shopify.com/s/files/1/0263/2764/6287/products/36_900xc385.png]
[cdn.shopify.com/s/files/1/0263/2764/6287/products/38_900xc385.png]
[cdn.shopify.com/s/files/1/0263/2764/6287/products/39_900xc385.png]
[cdn.shopify.com/s/files/1/0263/2764/6287/products/28_200x200_crop_centerc385.png]
[cdn.shopify.com/s/files/1/0263/2764/6287/files/Untitled_design_67_480x48076ec.png]
[cdn.shopify.com/s/files/1/0263/2764/6287/files/Untitled_design_68_480x480f8e2.png]
[ezdetanglerbrush.com/collections/ezdoesit-offers/products/ez-drying-bundle.html]
[cdn.shopify.com/s/files/1/0263/2764/6287/products/28_{width}xc385.html]
[ezdetanglerbrush.com/products/misty-clean-bundle.oembed]
[cdn.shopify.com/s/files/1/0263/2764/6287/products/36_42085be8-6ddb-45b9-be51-92719005ceb39547.png]
[cdn.shopify.com/s/files/1/0263/2764/6287/products/419547.png]
[cdn.shopify.com/s/files/1/0263/2764/6287/products/299547.png]
[cdn.shopify.com/s/files/1/0263/2764/6287/products/29_300x3009547.png]
[cdn.shopify.com/s/files/1/0263/2764/6287/products/36_42085be8-6ddb-45b9-be51-92719005ceb3_200x200_crop_center9547.png]
[cdn.shopify.com/s/files/1/0263/2764/6287/products/36_42085be8-6ddb-45b9-be51-92719005ceb3_1x19547.png]
[cdn.shopify.com/s/files/1/0263/2764/6287/products/36_42085be8-6ddb-45b9-be51-92719005ceb3_300x3009547.png]
[cdn.shopify.com/s/files/1/0263/2764/6287/products/36_42085be8-6ddb-45b9-be51-92719005ceb3_{width}x9547.png]
[cdn.shopify.com/s/files/1/0263/2764/6287/products/41_200x200_crop_center9547.png]
[cdn.shopify.com/s/files/1/0263/2764/6287/products/41_1x19547.png]
[cdn.shopify.com/s/files/1/0263/2764/6287/products/41_300x3009547.png]
[cdn.shopify.com/s/files/1/0263/2764/6287/products/41_{width}x9547.png]
[cdn.shopify.com/s/files/1/0263/2764/6287/products/43_200x200_crop_center9547.png]
[cdn.shopify.com/s/files/1/0263/2764/6287/products/43_1x19547.png]
[cdn.shopify.com/s/files/1/0263/2764/6287/products/439547.png]
[cdn.shopify.com/s/files/1/0263/2764/6287/products/43_300x3009547.png]
[cdn.shopify.com/s/files/1/0263/2764/6287/products/43_{width}x9547.png]
[cdn.shopify.com/s/files/1/0263/2764/6287/products/29_900x9547.png]
[cdn.shopify.com/s/files/1/0263/2764/6287/products/36_42085be8-6ddb-45b9-be51-92719005ceb3_900x9547.png]
[cdn.shopify.com/s/files/1/0263/2764/6287/products/41_900x9547.png]
[cdn.shopify.com/s/files/1/0263/2764/6287/products/43_900x9547.png]
[cdn.shopify.com/s/files/1/0263/2764/6287/products/29_200x200_crop_center9547.png]
[cdn.shopify.com/s/files/1/0263/2764/6287/files/29_480x4804341.png]
[cdn.shopify.com/s/files/1/0263/2764/6287/files/Untitled_design_64_480x4803f1f.png]
[cdn.shopify.com/s/files/1/0263/2764/6287/files/Untitled_design_66_480x48091f1.png]
[cdn.shopify.com/s/files/1/0263/2764/6287/files/Untitled_design_70_480x480c7aa.png]
[ezdetanglerbrush.com/collections/ezdoesit-offers/products/misty-clean-bundle.html]
[cdn.shopify.com/s/files/1/0263/2764/6287/products/29_{width}x9547.html]
[ezdetanglerbrush.com/products/sleepn-ez-bundle.oembed]
[cdn.shopify.com/s/files/1/0263/2764/6287/products/36_71d1a71c-ac37-4e29-9424-f1f11316f7fff97d.png]
[cdn.shopify.com/s/files/1/0263/2764/6287/products/39_3a55701a-98e2-4067-b867-4fe2563138b4f97d.png]
[cdn.shopify.com/s/files/1/0263/2764/6287/products/26_a84458d3-f434-4fc8-8d19-3a0c6920a8b1f97d.png]
[cdn.shopify.com/s/files/1/0263/2764/6287/products/26_a84458d3-f434-4fc8-8d19-3a0c6920a8b1_300x300f97d.png]
[cdn.shopify.com/s/files/1/0263/2764/6287/products/36_71d1a71c-ac37-4e29-9424-f1f11316f7ff_200x200_crop_centerf97d.png]
[cdn.shopify.com/s/files/1/0263/2764/6287/products/36_71d1a71c-ac37-4e29-9424-f1f11316f7ff_1x1f97d.png]
[cdn.shopify.com/s/files/1/0263/2764/6287/products/36_71d1a71c-ac37-4e29-9424-f1f11316f7ff_300x300f97d.png]
[cdn.shopify.com/s/files/1/0263/2764/6287/products/36_71d1a71c-ac37-4e29-9424-f1f11316f7ff_{width}xf97d.png]
[cdn.shopify.com/s/files/1/0263/2764/6287/products/39_3a55701a-98e2-4067-b867-4fe2563138b4_200x200_crop_centerf97d.png]
[cdn.shopify.com/s/files/1/0263/2764/6287/products/39_3a55701a-98e2-4067-b867-4fe2563138b4_1x1f97d.png]
[cdn.shopify.com/s/files/1/0263/2764/6287/products/39_3a55701a-98e2-4067-b867-4fe2563138b4_300x300f97d.png]
[cdn.shopify.com/s/files/1/0263/2764/6287/products/39_3a55701a-98e2-4067-b867-4fe2563138b4_{width}xf97d.png]
[cdn.shopify.com/s/files/1/0263/2764/6287/products/40_200x200_crop_centerf97d.png]
[cdn.shopify.com/s/files/1/0263/2764/6287/products/40_1x1f97d.png]
[cdn.shopify.com/s/files/1/0263/2764/6287/products/40f97d.png]
[cdn.shopify.com/s/files/1/0263/2764/6287/products/40_300x300f97d.png]
[cdn.shopify.com/s/files/1/0263/2764/6287/products/40_{width}xf97d.png]
[cdn.shopify.com/s/files/1/0263/2764/6287/products/26_a84458d3-f434-4fc8-8d19-3a0c6920a8b1_900xf97d.png]
[cdn.shopify.com/s/files/1/0263/2764/6287/products/36_71d1a71c-ac37-4e29-9424-f1f11316f7ff_900xf97d.png]
[cdn.shopify.com/s/files/1/0263/2764/6287/products/39_3a55701a-98e2-4067-b867-4fe2563138b4_900xf97d.png]
[cdn.shopify.com/s/files/1/0263/2764/6287/products/40_900xf97d.png]
[cdn.shopify.com/s/files/1/0263/2764/6287/products/26_a84458d3-f434-4fc8-8d19-3a0c6920a8b1_200x200_crop_centerf97d.png]
[cdn.shopify.com/s/files/1/0263/2764/6287/files/26_480x480e779.png]
[cdn.shopify.com/s/files/1/0263/2764/6287/files/Untitled_design_71_480x480a731.png]
[ezdetanglerbrush.com/collections/ezdoesit-offers/products/sleepn-ez-bundle.html]
[cdn.shopify.com/s/files/1/0263/2764/6287/products/26_a84458d3-f434-4fc8-8d19-3a0c6920a8b1_{width}xf97d.html]
[ezdetanglerbrush.com/products/stylen-go-bundle.oembed]
[cdn.shopify.com/s/files/1/0263/2764/6287/products/36_9ffafe8f-a75f-45fa-8e8d-7ef45030324e1b8d.png]
[cdn.shopify.com/s/files/1/0263/2764/6287/products/421b8d.png]
[cdn.shopify.com/s/files/1/0263/2764/6287/products/271b8d.png]
[cdn.shopify.com/s/files/1/0263/2764/6287/products/27_300x3001b8d.png]
[cdn.shopify.com/s/files/1/0263/2764/6287/products/36_9ffafe8f-a75f-45fa-8e8d-7ef45030324e_200x200_crop_center1b8d.png]
[cdn.shopify.com/s/files/1/0263/2764/6287/products/36_9ffafe8f-a75f-45fa-8e8d-7ef45030324e_1x11b8d.png]
[cdn.shopify.com/s/files/1/0263/2764/6287/products/36_9ffafe8f-a75f-45fa-8e8d-7ef45030324e_300x3001b8d.png]
[cdn.shopify.com/s/files/1/0263/2764/6287/products/36_9ffafe8f-a75f-45fa-8e8d-7ef45030324e_{width}x1b8d.png]
[cdn.shopify.com/s/files/1/0263/2764/6287/products/42_200x200_crop_center1b8d.png]
[cdn.shopify.com/s/files/1/0263/2764/6287/products/42_1x11b8d.png]
[cdn.shopify.com/s/files/1/0263/2764/6287/products/42_300x3001b8d.png]
[cdn.shopify.com/s/files/1/0263/2764/6287/products/42_{width}x1b8d.png]
[cdn.shopify.com/s/files/1/0263/2764/6287/products/43_38af23b9-ac1f-4742-88e3-84766ab62ae7_200x200_crop_center1b8d.png]
[cdn.shopify.com/s/files/1/0263/2764/6287/products/43_38af23b9-ac1f-4742-88e3-84766ab62ae7_1x11b8d.png]
[cdn.shopify.com/s/files/1/0263/2764/6287/products/43_38af23b9-ac1f-4742-88e3-84766ab62ae71b8d.png]
[cdn.shopify.com/s/files/1/0263/2764/6287/products/43_38af23b9-ac1f-4742-88e3-84766ab62ae7_300x3001b8d.png]
[cdn.shopify.com/s/files/1/0263/2764/6287/products/43_38af23b9-ac1f-4742-88e3-84766ab62ae7_{width}x1b8d.png]
[cdn.shopify.com/s/files/1/0263/2764/6287/products/27_900x1b8d.png]
[cdn.shopify.com/s/files/1/0263/2764/6287/products/36_9ffafe8f-a75f-45fa-8e8d-7ef45030324e_900x1b8d.png]
[cdn.shopify.com/s/files/1/0263/2764/6287/products/42_900x1b8d.png]
[cdn.shopify.com/s/files/1/0263/2764/6287/products/43_38af23b9-ac1f-4742-88e3-84766ab62ae7_900x1b8d.png]
[cdn.shopify.com/s/files/1/0263/2764/6287/products/27_200x200_crop_center1b8d.png]
[cdn.shopify.com/s/files/1/0263/2764/6287/files/27_480x480d9f8.png]
[cdn.shopify.com/s/files/1/0263/2764/6287/files/Untitled_design_65_480x4804458.png]
[ezdetanglerbrush.com/collections/ezdoesit-offers/products/stylen-go-bundle.html]
[cdn.shopify.com/s/files/1/0263/2764/6287/products/27_{width}x1b8d.html]
[ezdetanglerbrush.com/products/washn-style-bundle.oembed]
[cdn.shopify.com/s/files/1/0263/2764/6287/products/36_bbc3b175-cdc7-4e92-bc9f-c7241badcc7295a2.png]
[cdn.shopify.com/s/files/1/0263/2764/6287/products/41_cdf5d01e-7c94-4668-810c-e69eb89b801c95a2.png]
[cdn.shopify.com/s/files/1/0263/2764/6287/products/2595a2.png]
[cdn.shopify.com/s/files/1/0263/2764/6287/products/25_300x30095a2.png]
[cdn.shopify.com/s/files/1/0263/2764/6287/products/36_bbc3b175-cdc7-4e92-bc9f-c7241badcc72_200x200_crop_center95a2.png]
[cdn.shopify.com/s/files/1/0263/2764/6287/products/36_bbc3b175-cdc7-4e92-bc9f-c7241badcc72_1x195a2.png]
[cdn.shopify.com/s/files/1/0263/2764/6287/products/36_bbc3b175-cdc7-4e92-bc9f-c7241badcc72_300x30095a2.png]
[cdn.shopify.com/s/files/1/0263/2764/6287/products/36_bbc3b175-cdc7-4e92-bc9f-c7241badcc72_{width}x95a2.png]
[cdn.shopify.com/s/files/1/0263/2764/6287/products/41_cdf5d01e-7c94-4668-810c-e69eb89b801c_200x200_crop_center95a2.png]
[cdn.shopify.com/s/files/1/0263/2764/6287/products/41_cdf5d01e-7c94-4668-810c-e69eb89b801c_1x195a2.png]
[cdn.shopify.com/s/files/1/0263/2764/6287/products/41_cdf5d01e-7c94-4668-810c-e69eb89b801c_300x30095a2.png]
[cdn.shopify.com/s/files/1/0263/2764/6287/products/41_cdf5d01e-7c94-4668-810c-e69eb89b801c_{width}x95a2.png]
[cdn.shopify.com/s/files/1/0263/2764/6287/products/42_a0dc8355-b27c-4bd7-992c-83cd11568f2f_200x200_crop_center95a2.png]
[cdn.shopify.com/s/files/1/0263/2764/6287/products/42_a0dc8355-b27c-4bd7-992c-83cd11568f2f_1x195a2.png]
[cdn.shopify.com/s/files/1/0263/2764/6287/products/42_a0dc8355-b27c-4bd7-992c-83cd11568f2f95a2.png]
[cdn.shopify.com/s/files/1/0263/2764/6287/products/42_a0dc8355-b27c-4bd7-992c-83cd11568f2f_300x30095a2.png]
[cdn.shopify.com/s/files/1/0263/2764/6287/products/42_a0dc8355-b27c-4bd7-992c-83cd11568f2f_{width}x.43f95a2.delayed]
[cdn.shopify.com/s/files/1/0263/2764/6287/products/25_900x95a2.png]
[cdn.shopify.com/s/files/1/0263/2764/6287/products/36_bbc3b175-cdc7-4e92-bc9f-c7241badcc72_900x95a2.png]
[cdn.shopify.com/s/files/1/0263/2764/6287/products/41_cdf5d01e-7c94-4668-810c-e69eb89b801c_900x95a2.png]
[cdn.shopify.com/s/files/1/0263/2764/6287/products/42_a0dc8355-b27c-4bd7-992c-83cd11568f2f_900x95a2.png]
[cdn.shopify.com/s/files/1/0263/2764/6287/products/25_200x200_crop_center95a2.png]
[cdn.shopify.com/s/files/1/0263/2764/6287/files/25_480x480a092.png]
[ezdetanglerbrush.com/collections/ezdoesit-offers/products/washn-style-bundle.html]
[cdn.shopify.com/s/files/1/0263/2764/6287/products/25_{width}x95a2.html]
[ezdetanglerbrush.com/collections/e.path[0]]
[cdn.shopify.com/s/global/search.css]
[ezdetanglerbrush.com/products/ez-detangler-pro.html]
[ezdetanglerbrush.com/collections/ez-collection/products/POST.html]
[ezdetanglerbrush.com/collections/ez-collection/products/e.path[0]]
[ezdetanglerbrush.com/products/ezdryer.html]
[ezdetanglerbrush.com/products/ez-mist-spray-bottle.html]
[cdn.shopify.com/s/files/1/0263/2764/6287/products/17_e3c94634-40a1-49cd-ac3f-30b659bbf081_{width}x6857.html]
[cdn.shopify.com/s/files/1/0263/2764/6287/products/18_{width}x6857.html]
[cdn.shopify.com/s/files/1/0263/2764/6287/products/product-image-1097851687_{width}x6857.html]
[cdn.shopify.com/s/files/1/0263/2764/6287/products/product-image-1097851688_{width}x6857.html]
[cdn.shopify.com/s/files/1/0263/2764/6287/products/product-image-1022245252_{width}x6857.html]
[ezdetanglerbrush.com/products/acupuncture-scalp-massage-brush.html]
[cdn.shopify.com/s/files/1/0263/2764/6287/products/13_{width}xe4a0.html]
[cdn.shopify.com/s/files/1/0263/2764/6287/products/15_{width}xe4a0.html]
[cdn.shopify.com/s/files/1/0263/2764/6287/products/31_{width}xe4a0.html]
[ezdetanglerbrush.com/collections/curlyqueen/products/POST.44c.delayed]
[ezdetanglerbrush.com/collections/curlyqueen/products/e.path[0]]
[ezdetanglerbrush.com/collections/curlyqueen/products/original.html]
[ezdetanglerbrush.com/products/curl-drying-turban-towel.oembed]
[cdn.shopify.com/s/files/1/0263/2764/6287/products/10a329.png]
[cdn.shopify.com/s/files/1/0263/2764/6287/products/11a329.png]
[cdn.shopify.com/s/files/1/0263/2764/6287/products/12a329.png]
[cdn.shopify.com/s/files/1/0263/2764/6287/products/12_300x300a329.png]
[cdn.shopify.com/s/files/1/0263/2764/6287/products/10_200x200_crop_centera329.png]
[cdn.shopify.com/s/files/1/0263/2764/6287/products/10_1x1a329.png]
[cdn.shopify.com/s/files/1/0263/2764/6287/products/10_300x300a329.png]
[cdn.shopify.com/s/files/1/0263/2764/6287/products/10_{width}xa329.png]
[cdn.shopify.com/s/files/1/0263/2764/6287/products/11_200x200_crop_centera329.png]
[cdn.shopify.com/s/files/1/0263/2764/6287/products/11_1x1a329.png]
[cdn.shopify.com/s/files/1/0263/2764/6287/products/11_300x300a329.png]
[cdn.shopify.com/s/files/1/0263/2764/6287/products/11_{width}xa329.png]
[cdn.shopify.com/s/files/1/0263/2764/6287/products/product-image-1006142107_1080x_23a7a885-1411-4879-99b2-9252f75b49bc_200x200_crop_centera329.jpg]
[cdn.shopify.com/s/files/1/0263/2764/6287/products/product-image-1006142107_1080x_23a7a885-1411-4879-99b2-9252f75b49bc_1x1a329.jpg]
[cdn.shopify.com/s/files/1/0263/2764/6287/products/product-image-1006142107_1080x_23a7a885-1411-4879-99b2-9252f75b49bca329.jpg]
[cdn.shopify.com/s/files/1/0263/2764/6287/products/product-image-1006142107_1080x_23a7a885-1411-4879-99b2-9252f75b49bc_300x300a329.jpg]
[cdn.shopify.com/s/files/1/0263/2764/6287/products/product-image-1006142107_1080x_23a7a885-1411-4879-99b2-9252f75b49bc_{width}xa329.jpg]
[cdn.shopify.com/s/files/1/0263/2764/6287/products/12_900xa329.png]
[cdn.shopify.com/s/files/1/0263/2764/6287/products/10_900xa329.png]
[cdn.shopify.com/s/files/1/0263/2764/6287/products/11_900xa329.png]
[cdn.shopify.com/s/files/1/0263/2764/6287/products/product-image-1006142107_1080x_23a7a885-1411-4879-99b2-9252f75b49bc_900xa329.jpg]
[cdn.shopify.com/s/files/1/0263/2764/6287/products/12_200x200_crop_centera329.png]
[ezdetanglerbrush.com/collections/curlyqueen/products/curl-drying-turban-towel.html]
[cdn.shopify.com/s/files/1/0263/2764/6287/products/12_{width}xa329.html]
[ezdetanglerbrush.com/products/curly-protecting-slouch-benie.oembed]
[cdn.shopify.com/s/files/1/0263/2764/6287/products/4_0f6e3b68-eff0-49b5-8313-f72f08c49a3776bc.png]
[cdn.shopify.com/s/files/1/0263/2764/6287/products/676bc.png]
[cdn.shopify.com/s/files/1/0263/2764/6287/products/6_300x30076bc.png]
[cdn.shopify.com/s/files/1/0263/2764/6287/products/4_0f6e3b68-eff0-49b5-8313-f72f08c49a37_200x200_crop_center76bc.png]
[cdn.shopify.com/s/files/1/0263/2764/6287/products/4_0f6e3b68-eff0-49b5-8313-f72f08c49a37_1x176bc.png]
[cdn.shopify.com/s/files/1/0263/2764/6287/products/4_0f6e3b68-eff0-49b5-8313-f72f08c49a37_300x30076bc.png]
[cdn.shopify.com/s/files/1/0263/2764/6287/products/4_0f6e3b68-eff0-49b5-8313-f72f08c49a37_{width}x76bc.png]
[cdn.shopify.com/s/files/1/0263/2764/6287/products/5_200x200_crop_center76bc.png]
[cdn.shopify.com/s/files/1/0263/2764/6287/products/5_1x176bc.png]
[cdn.shopify.com/s/files/1/0263/2764/6287/products/576bc.png]
[cdn.shopify.com/s/files/1/0263/2764/6287/products/5_300x30076bc.png]
[cdn.shopify.com/s/files/1/0263/2764/6287/products/5_{width}x.49076bc.delayed]
[cdn.shopify.com/s/files/1/0263/2764/6287/products/6_900x76bc.png]
[cdn.shopify.com/s/files/1/0263/2764/6287/products/4_0f6e3b68-eff0-49b5-8313-f72f08c49a37_900x76bc.png]
[cdn.shopify.com/s/files/1/0263/2764/6287/products/5_900x76bc.png]
[cdn.shopify.com/s/files/1/0263/2764/6287/products/6_200x200_crop_center76bc.png]
[ezdetanglerbrush.com/collections/curlyqueen/products/curly-protecting-slouch-benie.html]
[cdn.shopify.com/s/files/1/0263/2764/6287/products/6_{width}x76bc.html]
[ezdetanglerbrush.com/products/curly-hair-pick.oembed]
[cdn.shopify.com/s/files/1/0263/2764/6287/products/86812.png]
[cdn.shopify.com/s/files/1/0263/2764/6287/products/product-image-1128643554_1080x_7eb6d832-4bcc-4092-a654-bde82cecb36a6812.jpg]
[cdn.shopify.com/s/files/1/0263/2764/6287/products/product-image-1128643555_1080x_04ffbb17-5e22-499e-af84-a5e01748da546812.jpg]
[cdn.shopify.com/s/files/1/0263/2764/6287/products/9_4d0130dd-25ba-42da-b8a6-cf593d975eb16812.png]
[cdn.shopify.com/s/files/1/0263/2764/6287/products/9_4d0130dd-25ba-42da-b8a6-cf593d975eb1_300x3006812.png]
[cdn.shopify.com/s/files/1/0263/2764/6287/products/8_200x200_crop_center6812.png]
[cdn.shopify.com/s/files/1/0263/2764/6287/products/8_1x16812.png]
[cdn.shopify.com/s/files/1/0263/2764/6287/products/8_300x3006812.png]
[cdn.shopify.com/s/files/1/0263/2764/6287/products/8_{width}x6812.png]
[cdn.shopify.com/s/files/1/0263/2764/6287/products/product-image-1128643554_1080x_7eb6d832-4bcc-4092-a654-bde82cecb36a_200x200_crop_center6812.jpg]
[cdn.shopify.com/s/files/1/0263/2764/6287/products/product-image-1128643554_1080x_7eb6d832-4bcc-4092-a654-bde82cecb36a_1x16812.jpg]
[cdn.shopify.com/s/files/1/0263/2764/6287/products/product-image-1128643554_1080x_7eb6d832-4bcc-4092-a654-bde82cecb36a_300x3006812.jpg]
[cdn.shopify.com/s/files/1/0263/2764/6287/products/product-image-1128643554_1080x_7eb6d832-4bcc-4092-a654-bde82cecb36a_{width}x6812.jpg]
[cdn.shopify.com/s/files/1/0263/2764/6287/products/product-image-1128643555_1080x_04ffbb17-5e22-499e-af84-a5e01748da54_200x200_crop_center6812.jpg]
[cdn.shopify.com/s/files/1/0263/2764/6287/products/product-image-1128643555_1080x_04ffbb17-5e22-499e-af84-a5e01748da54_1x16812.jpg]
[cdn.shopify.com/s/files/1/0263/2764/6287/products/product-image-1128643555_1080x_04ffbb17-5e22-499e-af84-a5e01748da54_300x3006812.jpg]
[cdn.shopify.com/s/files/1/0263/2764/6287/products/product-image-1128643555_1080x_04ffbb17-5e22-499e-af84-a5e01748da54_{width}x6812.jpg]
[cdn.shopify.com/s/files/1/0263/2764/6287/products/product-image-1166824040_200x200_crop_center6812.jpg]
[cdn.shopify.com/s/files/1/0263/2764/6287/products/product-image-1166824040_1x16812.jpg]
[cdn.shopify.com/s/files/1/0263/2764/6287/products/product-image-11668240406812.jpg]
[cdn.shopify.com/s/files/1/0263/2764/6287/products/product-image-1166824040_300x3006812.jpg]
[cdn.shopify.com/s/files/1/0263/2764/6287/products/product-image-1166824040_{width}x6812.jpg]
[cdn.shopify.com/s/files/1/0263/2764/6287/products/9_4d0130dd-25ba-42da-b8a6-cf593d975eb1_900x6812.png]
[cdn.shopify.com/s/files/1/0263/2764/6287/products/8_900x6812.png]
[cdn.shopify.com/s/files/1/0263/2764/6287/products/product-image-1128643554_1080x_7eb6d832-4bcc-4092-a654-bde82cecb36a_900x6812.jpg]
[cdn.shopify.com/s/files/1/0263/2764/6287/products/product-image-1128643555_1080x_04ffbb17-5e22-499e-af84-a5e01748da54_900x6812.jpg]
[cdn.shopify.com/s/files/1/0263/2764/6287/products/product-image-1166824040_900x6812.jpg]
[cdn.shopify.com/s/files/1/0263/2764/6287/products/9_4d0130dd-25ba-42da-b8a6-cf593d975eb1_200x200_crop_center6812.png]
[ezdetanglerbrush.com/collections/curlyqueen/products/curly-hair-pick.html]
[cdn.shopify.com/s/files/1/0263/2764/6287/products/9_4d0130dd-25ba-42da-b8a6-cf593d975eb1_{width}x6812.html]
[ezdetanglerbrush.com/collections/curlyqueen/products/ez-mist-spray-bottle.html]
[ezdetanglerbrush.com/collections/curlyqueen/products/acupuncture-scalp-massage-brush.html]
[ezdetanglerbrush.com/products/floral-satin-bonnet.oembed]
[cdn.shopify.com/s/files/1/0263/2764/6287/products/19cce3.png]
[cdn.shopify.com/s/files/1/0263/2764/6287/products/20_6037825c-b3dc-4872-8bd7-0bffc96904b3cce3.png]
[cdn.shopify.com/s/files/1/0263/2764/6287/products/21_b392842a-3690-4851-945b-f00b9021aa1fcce3.png]
[cdn.shopify.com/s/files/1/0263/2764/6287/products/21_b392842a-3690-4851-945b-f00b9021aa1f_300x300cce3.png]
[cdn.shopify.com/s/files/1/0263/2764/6287/products/19_200x200_crop_centercce3.png]
[cdn.shopify.com/s/files/1/0263/2764/6287/products/19_1x1cce3.png]
[cdn.shopify.com/s/files/1/0263/2764/6287/products/19_300x300cce3.png]
[cdn.shopify.com/s/files/1/0263/2764/6287/products/19_{width}xcce3.png]
[cdn.shopify.com/s/files/1/0263/2764/6287/products/20_6037825c-b3dc-4872-8bd7-0bffc96904b3_200x200_crop_centercce3.png]
[cdn.shopify.com/s/files/1/0263/2764/6287/products/20_6037825c-b3dc-4872-8bd7-0bffc96904b3_1x1cce3.png]
[cdn.shopify.com/s/files/1/0263/2764/6287/products/20_6037825c-b3dc-4872-8bd7-0bffc96904b3_300x300cce3.png]
[cdn.shopify.com/s/files/1/0263/2764/6287/products/20_6037825c-b3dc-4872-8bd7-0bffc96904b3_{width}xcce3.png]
[cdn.shopify.com/s/files/1/0263/2764/6287/products/22_83d1eff0-6adb-4cfd-b3e4-5e73877df61b_200x200_crop_center8f4f.png]
[cdn.shopify.com/s/files/1/0263/2764/6287/products/22_83d1eff0-6adb-4cfd-b3e4-5e73877df61b_1x18f4f.png]
[cdn.shopify.com/s/files/1/0263/2764/6287/products/22_83d1eff0-6adb-4cfd-b3e4-5e73877df61b8f4f.png]
[cdn.shopify.com/s/files/1/0263/2764/6287/products/22_83d1eff0-6adb-4cfd-b3e4-5e73877df61b_300x3008f4f.png]
[cdn.shopify.com/s/files/1/0263/2764/6287/products/22_83d1eff0-6adb-4cfd-b3e4-5e73877df61b_{width}x8f4f.png]
[cdn.shopify.com/s/files/1/0263/2764/6287/products/21_b392842a-3690-4851-945b-f00b9021aa1f_900xcce3.png]
[cdn.shopify.com/s/files/1/0263/2764/6287/products/19_900xcce3.png]
[cdn.shopify.com/s/files/1/0263/2764/6287/products/20_6037825c-b3dc-4872-8bd7-0bffc96904b3_900xcce3.png]
[cdn.shopify.com/s/files/1/0263/2764/6287/products/22_83d1eff0-6adb-4cfd-b3e4-5e73877df61b_900x8f4f.png]
[cdn.shopify.com/s/files/1/0263/2764/6287/products/21_b392842a-3690-4851-945b-f00b9021aa1f_200x200_crop_centercce3.png]
[www.picclickimg.com/d/l400/pict/273919672161_/Women-Floral-Print-Silk-Satin-Caps-Night-Sleep.jpg]
[ezdetanglerbrush.com/collections/curlyqueen/products/floral-satin-bonnet.html]
[cdn.shopify.com/s/files/1/0263/2764/6287/products/21_b392842a-3690-4851-945b-f00b9021aa1f_{width}xcce3.html]
[ezdetanglerbrush.com/collections/curlyqueen/products/ezdryer.html]
[ezdetanglerbrush.com/collections/curlyqueen/products/ez-detangler-pro.html]
[ezdetanglerbrush.com/blogs/ez-blogs/POST.html]
[ezdetanglerbrush.com/products/the-ez-detangler-brush-deal.html]
[ezdetanglerbrush.com/blogs/ez-blogs/e.path[0]]
[ezdetanglerbrush.com/collections/curlyqueen/products/acupuncture-scalp-massage-brushc6cb.html]
[ezdetanglerbrush.com/products/the-ez-detangler-brush-wholesale-sample.oembed]
[cdn.shopify.com/s/files/1/0263/2764/6287/products/2_a92af8dc-3d13-4a95-8ae7-151eb6f1c7f0784e.png]
[cdn.shopify.com/s/files/1/0263/2764/6287/products/3_31615d26-57a5-4f31-97de-a5c68475556b784e.png]
[cdn.shopify.com/s/files/1/0263/2764/6287/products/1_dfb20ccc-b1f9-4f39-ad41-ecbe612fa4f8784e.png]
[cdn.shopify.com/s/files/1/0263/2764/6287/products/1_dfb20ccc-b1f9-4f39-ad41-ecbe612fa4f8_300x300784e.png]
[cdn.shopify.com/s/files/1/0263/2764/6287/products/2_a92af8dc-3d13-4a95-8ae7-151eb6f1c7f0_200x200_crop_center784e.png]
[cdn.shopify.com/s/files/1/0263/2764/6287/products/2_a92af8dc-3d13-4a95-8ae7-151eb6f1c7f0_1x1784e.png]
[cdn.shopify.com/s/files/1/0263/2764/6287/products/2_a92af8dc-3d13-4a95-8ae7-151eb6f1c7f0_300x300784e.png]
[cdn.shopify.com/s/files/1/0263/2764/6287/products/2_a92af8dc-3d13-4a95-8ae7-151eb6f1c7f0_{width}x784e.png]
[cdn.shopify.com/s/files/1/0263/2764/6287/products/3_31615d26-57a5-4f31-97de-a5c68475556b_200x200_crop_center784e.png]
[cdn.shopify.com/s/files/1/0263/2764/6287/products/3_31615d26-57a5-4f31-97de-a5c68475556b_1x1784e.png]
[cdn.shopify.com/s/files/1/0263/2764/6287/products/3_31615d26-57a5-4f31-97de-a5c68475556b_300x300784e.png]
[cdn.shopify.com/s/files/1/0263/2764/6287/products/3_31615d26-57a5-4f31-97de-a5c68475556b_{width}x784e.png]
[cdn.shopify.com/s/files/1/0263/2764/6287/products/7_b4503ebf-0126-4951-ae46-a91b040a9d0c_200x200_crop_center784e.png]
[cdn.shopify.com/s/files/1/0263/2764/6287/products/7_b4503ebf-0126-4951-ae46-a91b040a9d0c_1x1784e.png]
[cdn.shopify.com/s/files/1/0263/2764/6287/products/7_b4503ebf-0126-4951-ae46-a91b040a9d0c784e.png]
[cdn.shopify.com/s/files/1/0263/2764/6287/products/7_b4503ebf-0126-4951-ae46-a91b040a9d0c_300x300784e.png]
[cdn.shopify.com/s/files/1/0263/2764/6287/products/7_b4503ebf-0126-4951-ae46-a91b040a9d0c_{width}x.51d784e.delayed]
[cdn.shopify.com/s/files/1/0263/2764/6287/products/1_dfb20ccc-b1f9-4f39-ad41-ecbe612fa4f8_900x784e.png]
[cdn.shopify.com/s/files/1/0263/2764/6287/products/2_a92af8dc-3d13-4a95-8ae7-151eb6f1c7f0_900x784e.png]
[cdn.shopify.com/s/files/1/0263/2764/6287/products/3_31615d26-57a5-4f31-97de-a5c68475556b_900x784e.png]
[cdn.shopify.com/s/files/1/0263/2764/6287/products/7_b4503ebf-0126-4951-ae46-a91b040a9d0c_900x784e.png]
[cdn.shopify.com/s/files/1/0263/2764/6287/products/1_dfb20ccc-b1f9-4f39-ad41-ecbe612fa4f8_200x200_crop_center784e.png]
[ezdetanglerbrush.com/products/the-ez-detangler-brush-wholesale-sample.html]
[ezdetanglerbrush.com/products/dryer_detangler_bfcm.oembed]
[cdn.shopify.com/s/files/1/0263/2764/6287/products/shajarim_destagir_ex_pro_shoot_r1_3R7A07102c18.jpg]
[cdn.shopify.com/s/files/1/0263/2764/6287/products/shajarim_destagir_ex_pro_shoot_r1_3R7A06932c18.jpg]
[cdn.shopify.com/s/files/1/0263/2764/6287/products/shajarim_destagir_ex_pro_shoot_r1_3R7A0685251d.jpg]
[cdn.shopify.com/s/files/1/0263/2764/6287/products/shajarim_destagir_ex_pro_shoot_r1_3R7A0685_300x300251d.jpg]
[cdn.shopify.com/s/files/1/0263/2764/6287/products/shajarim_destagir_ex_pro_shoot_r1_3R7A0710_200x200_crop_center2c18.jpg]
[cdn.shopify.com/s/files/1/0263/2764/6287/products/shajarim_destagir_ex_pro_shoot_r1_3R7A0710_1x12c18.jpg]
[cdn.shopify.com/s/files/1/0263/2764/6287/products/shajarim_destagir_ex_pro_shoot_r1_3R7A0710_300x3002c18.jpg]
[cdn.shopify.com/s/files/1/0263/2764/6287/products/shajarim_destagir_ex_pro_shoot_r1_3R7A0710_{width}x2c18.jpg]
[cdn.shopify.com/s/files/1/0263/2764/6287/products/shajarim_destagir_ex_pro_shoot_r1_3R7A0693_200x200_crop_center2c18.jpg]
[cdn.shopify.com/s/files/1/0263/2764/6287/products/shajarim_destagir_ex_pro_shoot_r1_3R7A0693_1x12c18.jpg]
[cdn.shopify.com/s/files/1/0263/2764/6287/products/shajarim_destagir_ex_pro_shoot_r1_3R7A0693_300x3002c18.jpg]
[cdn.shopify.com/s/files/1/0263/2764/6287/products/shajarim_destagir_ex_pro_shoot_r1_3R7A0693_{width}x2c18.jpg]
[cdn.shopify.com/s/files/1/0263/2764/6287/products/shajarim_destagir_ex_pro_shoot_r1_3R7A0727_200x200_crop_center251d.jpg]
[cdn.shopify.com/s/files/1/0263/2764/6287/products/shajarim_destagir_ex_pro_shoot_r1_3R7A0727_1x1251d.jpg]
[cdn.shopify.com/s/files/1/0263/2764/6287/products/shajarim_destagir_ex_pro_shoot_r1_3R7A0727251d.jpg]
[cdn.shopify.com/s/files/1/0263/2764/6287/products/shajarim_destagir_ex_pro_shoot_r1_3R7A0727_300x300251d.jpg]
[cdn.shopify.com/s/files/1/0263/2764/6287/products/shajarim_destagir_ex_pro_shoot_r1_3R7A0727_{width}x251d.jpg]
[cdn.shopify.com/s/files/1/0263/2764/6287/products/shajarim_destagir_ex_pro_shoot_r1_3R7A0685_900x251d.jpg]
[cdn.shopify.com/s/files/1/0263/2764/6287/products/shajarim_destagir_ex_pro_shoot_r1_3R7A0710_900x2c18.jpg]
[cdn.shopify.com/s/files/1/0263/2764/6287/products/shajarim_destagir_ex_pro_shoot_r1_3R7A0693_900x2c18.jpg]
[cdn.shopify.com/s/files/1/0263/2764/6287/products/shajarim_destagir_ex_pro_shoot_r1_3R7A0727_900x251d.jpg]
[cdn.shopify.com/s/files/1/0263/2764/6287/products/shajarim_destagir_ex_pro_shoot_r1_3R7A0685_200x200_crop_center251d.jpg]
[cdn.shopify.com/s/files/1/0263/2764/6287/files/Copy_of_4.8_Reviews_480x480a049.png]
[ezdetanglerbrush.com/products/dryer_detangler_bfcm.html]
[cdn.shopify.com/s/files/1/0263/2764/6287/products/shajarim_destagir_ex_pro_shoot_r1_3R7A0685_{width}x251d.html]
[ezdetanglerbrush.com/products/detangler-dryer-bundle-pack-bogo.oembed]
[cdn.shopify.com/s/files/1/0263/2764/6287/products/shajarim_destagir_ex_pro_shoot_r1_3R7A0710_668121ab-047f-499e-8a2d-19da24681ecbcb31.jpg]
[cdn.shopify.com/s/files/1/0263/2764/6287/products/shajarim_destagir_ex_pro_shoot_r1_3R7A0693_79512918-4808-424d-bf0e-782d6dbdb76bcb31.jpg]
[cdn.shopify.com/s/files/1/0263/2764/6287/products/shajarim_destagir_ex_pro_shoot_r1_3R7A0685_8056a77c-e78b-4389-a716-a7b3dc635545cb31.jpg]
[cdn.shopify.com/s/files/1/0263/2764/6287/products/shajarim_destagir_ex_pro_shoot_r1_3R7A0685_8056a77c-e78b-4389-a716-a7b3dc635545_300x300cb31.jpg]
[cdn.shopify.com/s/files/1/0263/2764/6287/products/shajarim_destagir_ex_pro_shoot_r1_3R7A0710_668121ab-047f-499e-8a2d-19da24681ecb_200x200_crop_centercb31.jpg]
[cdn.shopify.com/s/files/1/0263/2764/6287/products/shajarim_destagir_ex_pro_shoot_r1_3R7A0710_668121ab-047f-499e-8a2d-19da24681ecb_1x1cb31.jpg]
[cdn.shopify.com/s/files/1/0263/2764/6287/products/shajarim_destagir_ex_pro_shoot_r1_3R7A0710_668121ab-047f-499e-8a2d-19da24681ecb_300x300cb31.jpg]
[cdn.shopify.com/s/files/1/0263/2764/6287/products/shajarim_destagir_ex_pro_shoot_r1_3R7A0710_668121ab-047f-499e-8a2d-19da24681ecb_{width}xcb31.jpg]
[cdn.shopify.com/s/files/1/0263/2764/6287/products/shajarim_destagir_ex_pro_shoot_r1_3R7A0693_79512918-4808-424d-bf0e-782d6dbdb76b_200x200_crop_centercb31.jpg]
[cdn.shopify.com/s/files/1/0263/2764/6287/products/shajarim_destagir_ex_pro_shoot_r1_3R7A0693_79512918-4808-424d-bf0e-782d6dbdb76b_1x1cb31.jpg]
[cdn.shopify.com/s/files/1/0263/2764/6287/products/shajarim_destagir_ex_pro_shoot_r1_3R7A0693_79512918-4808-424d-bf0e-782d6dbdb76b_300x300cb31.jpg]
[cdn.shopify.com/s/files/1/0263/2764/6287/products/shajarim_destagir_ex_pro_shoot_r1_3R7A0693_79512918-4808-424d-bf0e-782d6dbdb76b_{width}xcb31.jpg]
[cdn.shopify.com/s/files/1/0263/2764/6287/products/shajarim_destagir_ex_pro_shoot_r1_3R7A0727_c0357280-d7c5-428b-a091-b2a929c8df78_200x200_crop_centercb31.jpg]
[cdn.shopify.com/s/files/1/0263/2764/6287/products/shajarim_destagir_ex_pro_shoot_r1_3R7A0727_c0357280-d7c5-428b-a091-b2a929c8df78_1x1cb31.jpg]
[cdn.shopify.com/s/files/1/0263/2764/6287/products/shajarim_destagir_ex_pro_shoot_r1_3R7A0727_c0357280-d7c5-428b-a091-b2a929c8df78cb31.jpg]
[cdn.shopify.com/s/files/1/0263/2764/6287/products/shajarim_destagir_ex_pro_shoot_r1_3R7A0727_c0357280-d7c5-428b-a091-b2a929c8df78_300x300cb31.jpg]
[cdn.shopify.com/s/files/1/0263/2764/6287/products/shajarim_destagir_ex_pro_shoot_r1_3R7A0727_c0357280-d7c5-428b-a091-b2a929c8df78_{width}x.574cb31.delayed]
[cdn.shopify.com/s/files/1/0263/2764/6287/products/shajarim_destagir_ex_pro_shoot_r1_3R7A0685_8056a77c-e78b-4389-a716-a7b3dc635545_900xcb31.jpg]
[cdn.shopify.com/s/files/1/0263/2764/6287/products/shajarim_destagir_ex_pro_shoot_r1_3R7A0710_668121ab-047f-499e-8a2d-19da24681ecb_900xcb31.jpg]
[cdn.shopify.com/s/files/1/0263/2764/6287/products/shajarim_destagir_ex_pro_shoot_r1_3R7A0693_79512918-4808-424d-bf0e-782d6dbdb76b_900xcb31.jpg]
[cdn.shopify.com/s/files/1/0263/2764/6287/products/shajarim_destagir_ex_pro_shoot_r1_3R7A0727_c0357280-d7c5-428b-a091-b2a929c8df78_900xcb31.jpg]
[cdn.shopify.com/s/files/1/0263/2764/6287/products/shajarim_destagir_ex_pro_shoot_r1_3R7A0685_8056a77c-e78b-4389-a716-a7b3dc635545_200x200_crop_centercb31.jpg]
[ezdetanglerbrush.com/products/detangler-dryer-bundle-pack-bogo.html]
[cdn.shopify.com/s/files/1/0263/2764/6287/products/shajarim_destagir_ex_pro_shoot_r1_3R7A0685_8056a77c-e78b-4389-a716-a7b3dc635545_{width}xcb31.html]
[ezdetanglerbrush.com/products/ez-drying-bundle.html]
[ezdetanglerbrush.com/products/curly-hair-pick.html]
[ezdetanglerbrush.com/products/curl-drying-turban-towel.html]
[ezdetanglerbrush.com/products/misty-clean-bundle.html]
[ezdetanglerbrush.com/products/floral-satin-bonnet.html]
[ezdetanglerbrush.com/products/reshipment.oembed]
[cdn.shopify.com/s/files/1/0263/2764/6287/products/Untitleddesign_85dd0.jpg]
[cdn.shopify.com/s/files/1/0263/2764/6287/products/Untitleddesign_8_300x3005dd0.jpg]
[cdn.shopify.com/s/files/1/0263/2764/6287/products/Untitleddesign_8_900x5dd0.jpg]
[ezdetanglerbrush.com/products/reshipment.html]
[cdn.shopify.com/s/files/1/0263/2764/6287/products/Untitleddesign_8_{width}x5dd0.html]
[ezdetanglerbrush.com/products/sleepn-ez-bundle.html]
[ezdetanglerbrush.com/products/stylen-go-bundle.html]
[ezdetanglerbrush.com/products/the-ez-bundle.html]
[cdn.shopify.com/s/files/1/0263/2764/6287/products/1_dfb20ccc-b1f9-4f39-ad41-ecbe612fa4f8_{width}x784e.html]
[ezdetanglerbrush.com/products/curly-protecting-slouch-benie.html]
[ezdetanglerbrush.com/products/washn-style-bundle.html]
[ezdetanglerbrush.com/collections/ezdoesit-offers/products/POST.html]
[cdn.shopify.com/s/files/1/0263/2764/6287/products/1_98a9e6ad-272e-488a-baf7-21c0e884c9b9_{width}xeab4.html]
[cdn.shopify.com/s/files/1/0263/2764/6287/products/2_83ec2f8c-3e47-4237-9445-d49b715d3dba_{width}xeab4.html]
[cdn.shopify.com/s/files/1/0263/2764/6287/products/3_78fd5baf-2897-4613-80c8-e3445a6b6080_{width}xeab4.html]
[ezdetanglerbrush.com/collections/ezdoesit-offers/products/e.path[0]]
[cdn.shopify.com/s/files/1/0263/2764/6287/products/36_{width}xc385.html]
[cdn.shopify.com/s/files/1/0263/2764/6287/products/38_{width}xc385.html]
[cdn.shopify.com/s/files/1/0263/2764/6287/products/39_{width}xc385.html]
[cdn.shopify.com/s/files/1/0263/2764/6287/products/36_42085be8-6ddb-45b9-be51-92719005ceb3_{width}x9547.html]
[cdn.shopify.com/s/files/1/0263/2764/6287/products/41_{width}x9547.html]
[cdn.shopify.com/s/files/1/0263/2764/6287/products/43_{width}x9547.html]
[cdn.shopify.com/s/files/1/0263/2764/6287/products/36_71d1a71c-ac37-4e29-9424-f1f11316f7ff_{width}xf97d.html]
[cdn.shopify.com/s/files/1/0263/2764/6287/products/39_3a55701a-98e2-4067-b867-4fe2563138b4_{width}xf97d.html]
[cdn.shopify.com/s/files/1/0263/2764/6287/products/40_{width}xf97d.html]
[cdn.shopify.com/s/files/1/0263/2764/6287/products/36_9ffafe8f-a75f-45fa-8e8d-7ef45030324e_{width}x1b8d.html]
[cdn.shopify.com/s/files/1/0263/2764/6287/products/42_{width}x1b8d.html]
[cdn.shopify.com/s/files/1/0263/2764/6287/products/43_38af23b9-ac1f-4742-88e3-84766ab62ae7_{width}x1b8d.html]
[cdn.shopify.com/s/files/1/0263/2764/6287/products/36_bbc3b175-cdc7-4e92-bc9f-c7241badcc72_{width}x95a2.html]
[cdn.shopify.com/s/files/1/0263/2764/6287/products/41_cdf5d01e-7c94-4668-810c-e69eb89b801c_{width}x95a2.html]
[cdn.shopify.com/s/files/1/0263/2764/6287/products/42_a0dc8355-b27c-4bd7-992c-83cd11568f2f_{width}x95a2.html]
[ezdetanglerbrush.com/collections/curlyqueen/products/POST.html]
[ezdetanglerbrush.com/collections/curlyqueen/products/e.path[0]]
[cdn.shopify.com/s/files/1/0263/2764/6287/products/10_{width}xa329.html]
[cdn.shopify.com/s/files/1/0263/2764/6287/products/11_{width}xa329.html]
[cdn.shopify.com/s/files/1/0263/2764/6287/products/product-image-1006142107_1080x_23a7a885-1411-4879-99b2-9252f75b49bc_{width}xa329.html]
[cdn.shopify.com/s/files/1/0263/2764/6287/products/4_0f6e3b68-eff0-49b5-8313-f72f08c49a37_{width}x76bc.html]
[cdn.shopify.com/s/files/1/0263/2764/6287/products/5_{width}x76bc.html]
[cdn.shopify.com/s/files/1/0263/2764/6287/products/8_{width}x6812.html]
[cdn.shopify.com/s/files/1/0263/2764/6287/products/product-image-1128643554_1080x_7eb6d832-4bcc-4092-a654-bde82cecb36a_{width}x6812.html]
[cdn.shopify.com/s/files/1/0263/2764/6287/products/product-image-1128643555_1080x_04ffbb17-5e22-499e-af84-a5e01748da54_{width}x6812.html]
[cdn.shopify.com/s/files/1/0263/2764/6287/products/product-image-1166824040_{width}x6812.html]
[cdn.shopify.com/s/files/1/0263/2764/6287/products/19_{width}xcce3.html]
[cdn.shopify.com/s/files/1/0263/2764/6287/products/20_6037825c-b3dc-4872-8bd7-0bffc96904b3_{width}xcce3.html]
[cdn.shopify.com/s/files/1/0263/2764/6287/products/22_83d1eff0-6adb-4cfd-b3e4-5e73877df61b_{width}x8f4f.html]
[cdn.shopify.com/s/files/1/0263/2764/6287/products/2_a92af8dc-3d13-4a95-8ae7-151eb6f1c7f0_{width}x784e.html]
[cdn.shopify.com/s/files/1/0263/2764/6287/products/3_31615d26-57a5-4f31-97de-a5c68475556b_{width}x784e.html]
[cdn.shopify.com/s/files/1/0263/2764/6287/products/7_b4503ebf-0126-4951-ae46-a91b040a9d0c_{width}x784e.html]
[cdn.shopify.com/s/files/1/0263/2764/6287/products/shajarim_destagir_ex_pro_shoot_r1_3R7A0710_{width}x2c18.html]
[cdn.shopify.com/s/files/1/0263/2764/6287/products/shajarim_destagir_ex_pro_shoot_r1_3R7A0693_{width}x2c18.html]
[cdn.shopify.com/s/files/1/0263/2764/6287/products/shajarim_destagir_ex_pro_shoot_r1_3R7A0727_{width}x251d.html]
[cdn.shopify.com/s/files/1/0263/2764/6287/products/shajarim_destagir_ex_pro_shoot_r1_3R7A0710_668121ab-047f-499e-8a2d-19da24681ecb_{width}xcb31.html]
[cdn.shopify.com/s/files/1/0263/2764/6287/products/shajarim_destagir_ex_pro_shoot_r1_3R7A0693_79512918-4808-424d-bf0e-782d6dbdb76b_{width}xcb31.html]
[cdn.shopify.com/s/files/1/0263/2764/6287/products/shajarim_destagir_ex_pro_shoot_r1_3R7A0727_c0357280-d7c5-428b-a091-b2a929c8df78_{width}xcb31.html]
